2025-12-01 01:29:33,443 [INFO] Activator:176 - 


2025-12-01 01:29:33,454 [INFO] Activator:177 - !SESSION log4j initialized
2025-12-01 01:29:36,509 [INFO] LogOutputStream:77 - [STDOUT_REDIRECT] 
2025-12-01 01:29:37,686 [INFO] ApplicationProperties:184 - Using Application install path: /home/dim0k/st/stm32cubeide_1.19.0_3/plugins/com.st.stm32cube.common.mx_6.15.0.202507011659
2025-12-01 01:29:37,696 [INFO] DbMcusXml:78 - Set database path to: /home/dim0k/st/stm32cubeide_1.19.0_3/plugins/com.st.stm32cube.common.mx_6.15.0.202507011659//db//mcu/
2025-12-01 01:29:37,696 [INFO] ApiDb:274 - Set plugin database path to: /home/dim0k/st/stm32cubeide_1.19.0_3/plugins/com.st.stm32cube.common.mx_6.15.0.202507011659//db//plugins/boardmanager/
2025-12-01 01:29:37,703 [WARN] ApiDb:259 - Overriding images path with different value:  => /home/dim0k/st/stm32cubeide_1.19.0_3/plugins/com.st.stm32cube.common.mx_6.15.0.202507011659//db//plugins/mcufinder/images/
2025-12-01 01:29:37,706 [INFO] ApiDb:250 - Set database path to: /home/dim0k/.stmcufinder/plugins/mcufinder//mcu/
2025-12-01 01:29:37,708 [INFO] DbMcusAds:125 - Set database path to: /home/dim0k/.stmcufinder/plugins/mcufinder//mcu/
2025-12-01 01:29:37,710 [INFO] CrossReferenceDbSqlite:203 - Set database path to: /home/dim0k/.stmcufinder/plugins/mcufinder//mcu/cs/
2025-12-01 01:29:37,773 [INFO] RulesReader:64 - Compatibility file has been processed (317 Rules)
2025-12-01 01:29:37,808 [INFO] DbMcusXml:78 - Set database path to: /home/dim0k/st/stm32cubeide_1.19.0_3/plugins/com.st.stm32cube.common.mx_6.15.0.202507011659//db//mcu/
2025-12-01 01:29:37,808 [INFO] ApiDb:274 - Set plugin database path to: /home/dim0k/st/stm32cubeide_1.19.0_3/plugins/com.st.stm32cube.common.mx_6.15.0.202507011659//db//plugins/boardmanager/
2025-12-01 01:29:37,808 [INFO] ApiDb:261 - Set plugin images path to: /home/dim0k/st/stm32cubeide_1.19.0_3/plugins/com.st.stm32cube.common.mx_6.15.0.202507011659//db//plugins/mcufinder/images/
2025-12-01 01:29:37,808 [WARN] DbFile:41 - Overriding database path with different value: /home/dim0k/.stmcufinder/plugins/mcufinder/ => /home/dim0k/.stmcufinder/plugins/mcufinder
2025-12-01 01:29:37,809 [INFO] ApiDb:250 - Set database path to: /home/dim0k/.stmcufinder/plugins/mcufinder//mcu/
2025-12-01 01:29:37,809 [WARN] DbFile:41 - Overriding database path with different value: /home/dim0k/.stmcufinder/plugins/mcufinder/ => /home/dim0k/.stmcufinder/plugins/mcufinder
2025-12-01 01:29:37,809 [INFO] DbMcusAds:125 - Set database path to: /home/dim0k/.stmcufinder/plugins/mcufinder//mcu/
2025-12-01 01:29:37,809 [WARN] DbFile:41 - Overriding database path with different value: /home/dim0k/.stmcufinder/plugins/mcufinder/ => /home/dim0k/.stmcufinder/plugins/mcufinder
2025-12-01 01:29:37,809 [WARN] DbFile:41 - Overriding database path with different value: /home/dim0k/.stmcufinder/plugins/mcufinder/ => /home/dim0k/.stmcufinder/plugins/mcufinder
2025-12-01 01:29:37,809 [INFO] CrossReferenceDbSqlite:203 - Set database path to: /home/dim0k/.stmcufinder/plugins/mcufinder//mcu/cs/
2025-12-01 01:29:37,852 [INFO] MainPanel:274 - HeapMemory: 268435456
2025-12-01 01:29:37,945 [INFO] DbMcusXml:78 - Set database path to: /home/dim0k/st/stm32cubeide_1.19.0_3/plugins/com.st.stm32cube.common.mx_6.15.0.202507011659//db//mcu/
2025-12-01 01:29:37,945 [INFO] ApiDb:274 - Set plugin database path to: /home/dim0k/st/stm32cubeide_1.19.0_3/plugins/com.st.stm32cube.common.mx_6.15.0.202507011659//db//plugins/boardmanager/
2025-12-01 01:29:37,945 [INFO] ApiDb:261 - Set plugin images path to: /home/dim0k/st/stm32cubeide_1.19.0_3/plugins/com.st.stm32cube.common.mx_6.15.0.202507011659//db//plugins/mcufinder/images/
2025-12-01 01:29:37,945 [WARN] DbFile:41 - Overriding database path with different value: /home/dim0k/.stmcufinder/plugins/mcufinder/ => /home/dim0k/.stmcufinder/plugins/mcufinder
2025-12-01 01:29:37,945 [INFO] ApiDb:250 - Set database path to: /home/dim0k/.stmcufinder/plugins/mcufinder//mcu/
2025-12-01 01:29:37,946 [WARN] DbFile:41 - Overriding database path with different value: /home/dim0k/.stmcufinder/plugins/mcufinder/ => /home/dim0k/.stmcufinder/plugins/mcufinder
2025-12-01 01:29:37,946 [INFO] DbMcusAds:125 - Set database path to: /home/dim0k/.stmcufinder/plugins/mcufinder//mcu/
2025-12-01 01:29:37,946 [WARN] DbFile:41 - Overriding database path with different value: /home/dim0k/.stmcufinder/plugins/mcufinder/ => /home/dim0k/.stmcufinder/plugins/mcufinder
2025-12-01 01:29:37,946 [WARN] DbFile:41 - Overriding database path with different value: /home/dim0k/.stmcufinder/plugins/mcufinder/ => /home/dim0k/.stmcufinder/plugins/mcufinder
2025-12-01 01:29:37,946 [INFO] CrossReferenceDbSqlite:203 - Set database path to: /home/dim0k/.stmcufinder/plugins/mcufinder//mcu/cs/
2025-12-01 01:29:37,956 [INFO] ApplicationProperties:184 - Using Application install path: /home/dim0k/st/stm32cubeide_1.19.0_3/plugins/com.st.stm32cube.common.mx_6.15.0.202507011659
2025-12-01 01:29:37,957 [INFO] PluginManage:196 - Search for loadable plugins [exclusion list=, ]
2025-12-01 01:29:37,958 [INFO] PluginManage:310 - Check plugin analytics
2025-12-01 01:29:38,057 [INFO] AnalyticsPlugin:253 - Accepted Software Licenses: 
2025-12-01 01:29:38,057 [INFO] AnalyticsPlugin:255 - Accepted CMSIS Pack Licenses: 
2025-12-01 01:29:38,058 [INFO] AnalyticsPlugin:257 - Accepted Firmware Licenses: FW.L4.1.18.0,FW.F4.1.28.0
2025-12-01 01:29:38,059 [INFO] PluginManage:359 - Loaded plugin analytics (category:tool,tabindex:-1)
2025-12-01 01:29:38,059 [INFO] PluginManage:310 - Check plugin cadmodel
2025-12-01 01:29:38,063 [INFO] CADModel:105 - Init CAD model plugin
2025-12-01 01:29:38,063 [INFO] PluginManage:359 - Loaded plugin cadmodel (category:power,tabindex:5)
2025-12-01 01:29:38,063 [INFO] PluginManage:310 - Check plugin clock
2025-12-01 01:29:38,069 [INFO] PluginManage:359 - Loaded plugin clock (category:base,tabindex:2)
2025-12-01 01:29:38,069 [INFO] PluginManage:310 - Check plugin ddr
2025-12-01 01:29:38,071 [INFO] PluginManage:359 - Loaded plugin ddr (category:tool,tabindex:6)
2025-12-01 01:29:38,071 [INFO] PluginManage:310 - Check plugin filemanager
2025-12-01 01:29:38,164 [INFO] PluginManage:359 - Loaded plugin filemanager (category:base,tabindex:10)
2025-12-01 01:29:38,164 [INFO] PluginManage:310 - Check plugin ipmanager
2025-12-01 01:29:38,167 [INFO] PluginManage:359 - Loaded plugin ipmanager (category:base,tabindex:5)
2025-12-01 01:29:38,167 [INFO] PluginManage:310 - Check plugin lpbam
2025-12-01 01:29:38,172 [INFO] PluginManage:359 - Loaded plugin lpbam (category:base,tabindex:0)
2025-12-01 01:29:38,172 [INFO] PluginManage:310 - Check plugin memorymap
2025-12-01 01:29:38,178 [INFO] PluginManage:359 - Loaded plugin memorymap (category:base,tabindex:4)
2025-12-01 01:29:38,178 [INFO] PluginManage:310 - Check plugin pinoutandconfiguration
2025-12-01 01:29:38,182 [INFO] PluginManage:359 - Loaded plugin pinoutandconfiguration (category:base,tabindex:1)
2025-12-01 01:29:38,182 [INFO] PluginManage:310 - Check plugin pinoutconfig
2025-12-01 01:29:38,233 [WARN] SupportedApi:132 - Cannot load RTOS API schema: s4s-elt-must-match.1: The content of 'definitions' must match (annotation?, (simpleType | complexType)?, (unique | key | keyref)*)). A problem was found starting at: attribute.
2025-12-01 01:29:38,319 [INFO] PluginManage:359 - Loaded plugin pinoutconfig (category:base,tabindex:0)
2025-12-01 01:29:38,320 [INFO] PluginManage:310 - Check plugin power
2025-12-01 01:29:38,327 [INFO] PluginManage:359 - Loaded plugin power (category:power,tabindex:4)
2025-12-01 01:29:38,327 [INFO] PluginManage:310 - Check plugin projectmanager
2025-12-01 01:29:38,336 [INFO] PluginManage:359 - Loaded plugin projectmanager (category:projectmanager,tabindex:4)
2025-12-01 01:29:38,336 [INFO] PluginManage:310 - Check plugin rif
2025-12-01 01:29:38,343 [INFO] PluginManage:359 - Loaded plugin rif (category:base,tabindex:3)
2025-12-01 01:29:38,343 [INFO] PluginManage:310 - Check plugin thirdparty
2025-12-01 01:29:38,417 [INFO] PluginManage:359 - Loaded plugin thirdparty (category:base,tabindex:-1)
2025-12-01 01:29:38,417 [WARN] IntegrityCheckThread:84 - waiting for thirdparty lock release [integrity check]
2025-12-01 01:29:38,417 [INFO] PluginManage:310 - Check plugin tools
2025-12-01 01:29:38,418 [INFO] IntegrityCheckThread:86 - entering critical section [integrity check]
2025-12-01 01:29:38,418 [INFO] ThirdPartyUpdaterWithRetryManager:70 - Updater plugin not ready yet. [1/15]
2025-12-01 01:29:38,419 [INFO] PluginManage:359 - Loaded plugin tools (category:base,tabindex:7)
2025-12-01 01:29:38,419 [INFO] PluginManage:310 - Check plugin tutovideos
2025-12-01 01:29:38,567 [INFO] PluginManage:359 - Loaded plugin tutovideos (category:base,tabindex:-1)
2025-12-01 01:29:38,567 [INFO] PluginManage:310 - Check plugin updater
2025-12-01 01:29:38,582 [INFO] PluginManage:359 - Loaded plugin updater (category:base,tabindex:12)
2025-12-01 01:29:38,582 [INFO] PluginManage:310 - Check plugin userauth
2025-12-01 01:29:38,585 [INFO] UserAuth:118 - Init User Auth plugin
2025-12-01 01:29:38,586 [INFO] PluginManage:359 - Loaded plugin userauth (category:base,tabindex:14)
2025-12-01 01:29:38,586 [INFO] PluginManage:283 - PluginManage : Loaded plugins [18]
2025-12-01 01:29:38,705 [INFO] PinOutPanel:1589 - setPackage(No Configuration,No Configuration)
2025-12-01 01:29:38,748 [INFO] CADModel:165 - CPN selected for project level
2025-12-01 01:29:38,748 [INFO] CADModel:114 - Register for checkConnection events
2025-12-01 01:29:38,755 [INFO] IPUIPlugin:80 - create IPUIPlugin
2025-12-01 01:29:38,755 [INFO] PluginManager:220 - loadIPPluginJar : add ltdc
2025-12-01 01:29:38,759 [INFO] IPUIPlugin:80 - create IPUIPlugin
2025-12-01 01:29:38,759 [INFO] PluginManager:220 - loadIPPluginJar : add ipddr
2025-12-01 01:29:38,761 [INFO] IPUIPlugin:80 - create IPUIPlugin
2025-12-01 01:29:38,761 [INFO] PluginManager:220 - loadIPPluginJar : add opamp
2025-12-01 01:29:38,762 [INFO] IPUIPlugin:80 - create IPUIPlugin
2025-12-01 01:29:38,763 [INFO] PluginManager:220 - loadIPPluginJar : add ucpd
2025-12-01 01:29:38,764 [INFO] IPUIPlugin:80 - create IPUIPlugin
2025-12-01 01:29:38,764 [INFO] PluginManager:220 - loadIPPluginJar : add radio
2025-12-01 01:29:38,768 [INFO] IPUIPlugin:80 - create IPUIPlugin
2025-12-01 01:29:38,768 [INFO] PluginManager:220 - loadIPPluginJar : add adc
2025-12-01 01:29:38,770 [INFO] IPUIPlugin:80 - create IPUIPlugin
2025-12-01 01:29:38,770 [INFO] PluginManager:220 - loadIPPluginJar : add resmgrutility
2025-12-01 01:29:38,771 [INFO] IPUIPlugin:80 - create IPUIPlugin
2025-12-01 01:29:38,772 [INFO] PluginManager:220 - loadIPPluginJar : add i2c
2025-12-01 01:29:38,773 [INFO] IPUIPlugin:80 - create IPUIPlugin
2025-12-01 01:29:38,773 [INFO] PluginManager:220 - loadIPPluginJar : add dma3
2025-12-01 01:29:38,775 [INFO] IPUIPlugin:80 - create IPUIPlugin
2025-12-01 01:29:38,775 [INFO] PluginManager:220 - loadIPPluginJar : add i3c
2025-12-01 01:29:38,777 [INFO] IPUIPlugin:80 - create IPUIPlugin
2025-12-01 01:29:38,777 [INFO] PluginManager:220 - loadIPPluginJar : add usbx
2025-12-01 01:29:38,779 [INFO] IPUIPlugin:80 - create IPUIPlugin
2025-12-01 01:29:38,779 [INFO] PluginManager:220 - loadIPPluginJar : add fmc
2025-12-01 01:29:38,783 [INFO] IPUIPlugin:80 - create IPUIPlugin
2025-12-01 01:29:38,784 [INFO] PluginManager:220 - loadIPPluginJar : add stm32_wpan
2025-12-01 01:29:38,785 [INFO] IPUIPlugin:80 - create IPUIPlugin
2025-12-01 01:29:38,785 [INFO] PluginManager:220 - loadIPPluginJar : add hash
2025-12-01 01:29:38,786 [INFO] IPUIPlugin:80 - create IPUIPlugin
2025-12-01 01:29:38,786 [INFO] PluginManager:220 - loadIPPluginJar : add tracer_emb
2025-12-01 01:29:38,788 [INFO] IPUIPlugin:80 - create IPUIPlugin
2025-12-01 01:29:38,788 [INFO] PluginManager:220 - loadIPPluginJar : add gfxmmu
2025-12-01 01:29:38,789 [INFO] IPUIPlugin:80 - create IPUIPlugin
2025-12-01 01:29:38,789 [INFO] PluginManager:220 - loadIPPluginJar : add cryp
2025-12-01 01:29:38,790 [INFO] IPUIPlugin:80 - create IPUIPlugin
2025-12-01 01:29:38,790 [INFO] PluginManager:220 - loadIPPluginJar : add tsc
2025-12-01 01:29:38,794 [INFO] IPUIPlugin:80 - create IPUIPlugin
2025-12-01 01:29:38,794 [INFO] PluginManager:220 - loadIPPluginJar : add mdma
2025-12-01 01:29:38,799 [INFO] IPUIPlugin:80 - create IPUIPlugin
2025-12-01 01:29:38,799 [INFO] PluginManager:220 - loadIPPluginJar : add freertos
2025-12-01 01:29:38,800 [INFO] IPUIPlugin:80 - create IPUIPlugin
2025-12-01 01:29:38,800 [INFO] PluginManager:220 - loadIPPluginJar : add dfsdm
2025-12-01 01:29:38,801 [INFO] IPUIPlugin:80 - create IPUIPlugin
2025-12-01 01:29:38,801 [INFO] PluginManager:220 - loadIPPluginJar : add comp
2025-12-01 01:29:38,802 [INFO] IPUIPlugin:80 - create IPUIPlugin
2025-12-01 01:29:38,803 [INFO] PluginManager:220 - loadIPPluginJar : add touchsensing
2025-12-01 01:29:38,804 [INFO] IPUIPlugin:80 - create IPUIPlugin
2025-12-01 01:29:38,804 [INFO] PluginManager:220 - loadIPPluginJar : add nvic
2025-12-01 01:29:38,805 [INFO] IPUIPlugin:80 - create IPUIPlugin
2025-12-01 01:29:38,805 [INFO] PluginManager:220 - loadIPPluginJar : add tim
2025-12-01 01:29:38,806 [INFO] IPUIPlugin:80 - create IPUIPlugin
2025-12-01 01:29:38,806 [INFO] PluginManager:220 - loadIPPluginJar : add spi
2025-12-01 01:29:38,807 [INFO] IPUIPlugin:80 - create IPUIPlugin
2025-12-01 01:29:38,807 [INFO] PluginManager:220 - loadIPPluginJar : add sai
2025-12-01 01:29:38,808 [INFO] IPUIPlugin:80 - create IPUIPlugin
2025-12-01 01:29:38,808 [INFO] PluginManager:220 - loadIPPluginJar : add ddr_ctrl_phy
2025-12-01 01:29:38,810 [INFO] IPUIPlugin:80 - create IPUIPlugin
2025-12-01 01:29:38,810 [INFO] PluginManager:220 - loadIPPluginJar : add gtzc
2025-12-01 01:29:38,811 [INFO] IPUIPlugin:80 - create IPUIPlugin
2025-12-01 01:29:38,811 [INFO] PluginManager:220 - loadIPPluginJar : add ts
2025-12-01 01:29:38,814 [INFO] IPUIPlugin:80 - create IPUIPlugin
2025-12-01 01:29:38,814 [INFO] PluginManager:220 - loadIPPluginJar : add gic
2025-12-01 01:29:38,815 [INFO] IPUIPlugin:80 - create IPUIPlugin
2025-12-01 01:29:38,815 [INFO] PluginManager:220 - loadIPPluginJar : add fatfs
2025-12-01 01:29:38,819 [INFO] IPUIPlugin:80 - create IPUIPlugin
2025-12-01 01:29:38,819 [INFO] PluginManager:220 - loadIPPluginJar : add dma
2025-12-01 01:29:38,820 [INFO] IPUIPlugin:80 - create IPUIPlugin
2025-12-01 01:29:38,820 [INFO] PluginManager:220 - loadIPPluginJar : add openamp
2025-12-01 01:29:38,822 [INFO] IPUIPlugin:80 - create IPUIPlugin
2025-12-01 01:29:38,822 [INFO] PluginManager:220 - loadIPPluginJar : add pdm2pcm
2025-12-01 01:29:38,823 [INFO] IPUIPlugin:80 - create IPUIPlugin
2025-12-01 01:29:38,823 [INFO] PluginManager:220 - loadIPPluginJar : add usart
2025-12-01 01:29:38,826 [INFO] IPUIPlugin:80 - create IPUIPlugin
2025-12-01 01:29:38,827 [INFO] PluginManager:220 - loadIPPluginJar : add gpio
2025-12-01 01:29:38,827 [INFO] IPUIPlugin:80 - create IPUIPlugin
2025-12-01 01:29:38,827 [INFO] PluginManager:220 - loadIPPluginJar : add quadspi
2025-12-01 01:29:38,832 [INFO] IPUIPlugin:80 - create IPUIPlugin
2025-12-01 01:29:38,833 [INFO] PluginManager:220 - loadIPPluginJar : add plateformsettings
2025-12-01 01:29:38,835 [INFO] IPUIPlugin:80 - create IPUIPlugin
2025-12-01 01:29:38,835 [INFO] PluginManager:220 - loadIPPluginJar : add i2s
2025-12-01 01:29:38,836 [INFO] IPUIPlugin:80 - create IPUIPlugin
2025-12-01 01:29:38,836 [INFO] PluginManager:220 - loadIPPluginJar : add can
2025-12-01 01:29:38,837 [INFO] IPUIPlugin:80 - create IPUIPlugin
2025-12-01 01:29:38,838 [INFO] PluginManager:220 - loadIPPluginJar : add aes
2025-12-01 01:29:38,839 [INFO] IPUIPlugin:80 - create IPUIPlugin
2025-12-01 01:29:38,839 [INFO] PluginManager:220 - loadIPPluginJar : add lorawan
2025-12-01 01:29:38,840 [INFO] IPUIPlugin:80 - create IPUIPlugin
2025-12-01 01:29:38,840 [INFO] PluginManager:220 - loadIPPluginJar : add extmemmanager
2025-12-01 01:29:38,841 [INFO] IPUIPlugin:80 - create IPUIPlugin
2025-12-01 01:29:38,841 [INFO] PluginManager:220 - loadIPPluginJar : add genericplugin
2025-12-01 01:29:38,845 [INFO] IPUIPlugin:80 - create IPUIPlugin
2025-12-01 01:29:38,845 [INFO] PluginManager:220 - loadIPPluginJar : add linkedlist
2025-12-01 01:29:38,934 [FATAL] Updater:351 - Updater called before beeing initialized
2025-12-01 01:29:38,955 [INFO] RulesReader:64 - Compatibility file has been processed (317 Rules)
2025-12-01 01:29:38,962 [INFO] RulesReader:64 - Compatibility file has been processed (317 Rules)
2025-12-01 01:29:38,965 [INFO] CADModel:165 - CPN selected for project level
2025-12-01 01:29:38,966 [INFO] CADModel:114 - Register for checkConnection events
2025-12-01 01:29:38,966 [FATAL] Updater:351 - Updater called before beeing initialized
2025-12-01 01:29:38,966 [ERROR] CADModel:125 - Updater not yet initialized, retry later 
2025-12-01 01:29:39,041 [FATAL] Updater:351 - Updater called before beeing initialized
2025-12-01 01:29:39,042 [INFO] CADModel:165 - CPN selected for project level
2025-12-01 01:29:39,042 [INFO] CADModel:114 - Register for checkConnection events
2025-12-01 01:29:39,042 [FATAL] Updater:351 - Updater called before beeing initialized
2025-12-01 01:29:39,042 [ERROR] CADModel:125 - Updater not yet initialized, retry later 
2025-12-01 01:29:39,044 [FATAL] Updater:351 - Updater called before beeing initialized
2025-12-01 01:29:39,086 [FATAL] Updater:351 - Updater called before beeing initialized
2025-12-01 01:29:39,089 [INFO] DbMcusAds:53 - JSON generation date=Thu Sep 30 09:55:09 MSK 2021 (1632984909247)
2025-12-01 01:29:39,089 [FATAL] Updater:351 - Updater called before beeing initialized
2025-12-01 01:29:39,110 [WARN] DetailPanel:346 - Failed to get advertising image, set to default
2025-12-01 01:29:39,157 [FATAL] Updater:351 - Updater called before beeing initialized
2025-12-01 01:29:39,159 [FATAL] Updater:351 - Updater called before beeing initialized
2025-12-01 01:29:39,159 [FATAL] Updater:351 - Updater called before beeing initialized
2025-12-01 01:29:39,159 [WARN] DetailPanel:346 - Failed to get advertising image, set to default
2025-12-01 01:29:39,160 [FATAL] Updater:351 - Updater called before beeing initialized
2025-12-01 01:29:39,179 [ERROR] Updater:1198 - MainUpdater not yet initialized. External WinMGr cannot be set.
2025-12-01 01:29:39,180 [INFO] Updater:1134 - Updater Version found : 6.15.0
2025-12-01 01:29:39,193 [INFO] ApplicationProperties:184 - Using Application install path: /home/dim0k/st/stm32cubeide_1.19.0_3/plugins/com.st.stm32cube.common.mx_6.15.0.202507011659
2025-12-01 01:29:39,344 [ERROR] CheckConnectionManager:249 - Problem, Http access forbiden
2025-12-01 01:29:39,346 [INFO] MainUpdater:2872 - connection check result : 22
2025-12-01 01:29:39,346 [INFO] MainUpdater:289 - Updater Check For Update Now.
2025-12-01 01:29:39,346 [INFO] MicroXplorer:498 - Change Database Version : DB.6.0.150
2025-12-01 01:29:39,349 [INFO] McuFinderGlobals:63 - Set McuFinder mode to 2 (CubeIDE integrated)
2025-12-01 01:29:39,349 [INFO] UserAuth:171 - activating auth plugin
2025-12-01 01:29:39,351 [INFO] UserAuth:487 - Internet connection configuration mode: 2
2025-12-01 01:29:39,354 [INFO] UserAuth:487 - Internet connection configuration mode: 2
2025-12-01 01:29:39,488 [INFO] CheckServerUpdateThread:120 - End of CheckServer Thread
2025-12-01 01:29:41,452 [INFO] ThirdParty:978 - Integrity check success = true
2025-12-01 01:29:41,453 [INFO] IntegrityCheckThread:100 - exiting critical section [integrity check]
2025-12-01 01:29:41,453 [INFO] IntegrityCheckThread:103 - End integrity checks thread
2025-12-01 01:30:49,968 [INFO] Activator:176 - 


2025-12-01 01:30:49,969 [INFO] Activator:177 - !SESSION log4j initialized
2025-12-01 01:30:52,742 [INFO] LogOutputStream:77 - [STDOUT_REDIRECT] 
2025-12-01 01:30:53,088 [INFO] ApplicationProperties:184 - Using Application install path: /home/dim0k/st/stm32cubeide_1.19.0_3/plugins/com.st.stm32cube.common.mx_6.15.0.202507011659
2025-12-01 01:30:53,099 [INFO] DbMcusXml:78 - Set database path to: /home/dim0k/st/stm32cubeide_1.19.0_3/plugins/com.st.stm32cube.common.mx_6.15.0.202507011659//db//mcu/
2025-12-01 01:30:53,099 [INFO] ApiDb:274 - Set plugin database path to: /home/dim0k/st/stm32cubeide_1.19.0_3/plugins/com.st.stm32cube.common.mx_6.15.0.202507011659//db//plugins/boardmanager/
2025-12-01 01:30:53,099 [WARN] ApiDb:259 - Overriding images path with different value:  => /home/dim0k/st/stm32cubeide_1.19.0_3/plugins/com.st.stm32cube.common.mx_6.15.0.202507011659//db//plugins/mcufinder/images/
2025-12-01 01:30:53,101 [INFO] ApiDb:250 - Set database path to: /home/dim0k/.stmcufinder/plugins/mcufinder//mcu/
2025-12-01 01:30:53,102 [INFO] DbMcusAds:125 - Set database path to: /home/dim0k/.stmcufinder/plugins/mcufinder//mcu/
2025-12-01 01:30:53,103 [INFO] CrossReferenceDbSqlite:203 - Set database path to: /home/dim0k/.stmcufinder/plugins/mcufinder//mcu/cs/
2025-12-01 01:30:53,165 [INFO] RulesReader:64 - Compatibility file has been processed (317 Rules)
2025-12-01 01:30:53,195 [INFO] DbMcusXml:78 - Set database path to: /home/dim0k/st/stm32cubeide_1.19.0_3/plugins/com.st.stm32cube.common.mx_6.15.0.202507011659//db//mcu/
2025-12-01 01:30:53,195 [INFO] ApiDb:274 - Set plugin database path to: /home/dim0k/st/stm32cubeide_1.19.0_3/plugins/com.st.stm32cube.common.mx_6.15.0.202507011659//db//plugins/boardmanager/
2025-12-01 01:30:53,195 [INFO] ApiDb:261 - Set plugin images path to: /home/dim0k/st/stm32cubeide_1.19.0_3/plugins/com.st.stm32cube.common.mx_6.15.0.202507011659//db//plugins/mcufinder/images/
2025-12-01 01:30:53,196 [WARN] DbFile:41 - Overriding database path with different value: /home/dim0k/.stmcufinder/plugins/mcufinder/ => /home/dim0k/.stmcufinder/plugins/mcufinder
2025-12-01 01:30:53,196 [INFO] ApiDb:250 - Set database path to: /home/dim0k/.stmcufinder/plugins/mcufinder//mcu/
2025-12-01 01:30:53,196 [WARN] DbFile:41 - Overriding database path with different value: /home/dim0k/.stmcufinder/plugins/mcufinder/ => /home/dim0k/.stmcufinder/plugins/mcufinder
2025-12-01 01:30:53,196 [INFO] DbMcusAds:125 - Set database path to: /home/dim0k/.stmcufinder/plugins/mcufinder//mcu/
2025-12-01 01:30:53,196 [WARN] DbFile:41 - Overriding database path with different value: /home/dim0k/.stmcufinder/plugins/mcufinder/ => /home/dim0k/.stmcufinder/plugins/mcufinder
2025-12-01 01:30:53,196 [WARN] DbFile:41 - Overriding database path with different value: /home/dim0k/.stmcufinder/plugins/mcufinder/ => /home/dim0k/.stmcufinder/plugins/mcufinder
2025-12-01 01:30:53,196 [INFO] CrossReferenceDbSqlite:203 - Set database path to: /home/dim0k/.stmcufinder/plugins/mcufinder//mcu/cs/
2025-12-01 01:30:53,227 [INFO] MainPanel:274 - HeapMemory: 268435456
2025-12-01 01:30:53,297 [INFO] DbMcusXml:78 - Set database path to: /home/dim0k/st/stm32cubeide_1.19.0_3/plugins/com.st.stm32cube.common.mx_6.15.0.202507011659//db//mcu/
2025-12-01 01:30:53,297 [INFO] ApiDb:274 - Set plugin database path to: /home/dim0k/st/stm32cubeide_1.19.0_3/plugins/com.st.stm32cube.common.mx_6.15.0.202507011659//db//plugins/boardmanager/
2025-12-01 01:30:53,298 [INFO] ApiDb:261 - Set plugin images path to: /home/dim0k/st/stm32cubeide_1.19.0_3/plugins/com.st.stm32cube.common.mx_6.15.0.202507011659//db//plugins/mcufinder/images/
2025-12-01 01:30:53,298 [WARN] DbFile:41 - Overriding database path with different value: /home/dim0k/.stmcufinder/plugins/mcufinder/ => /home/dim0k/.stmcufinder/plugins/mcufinder
2025-12-01 01:30:53,298 [INFO] ApiDb:250 - Set database path to: /home/dim0k/.stmcufinder/plugins/mcufinder//mcu/
2025-12-01 01:30:53,298 [WARN] DbFile:41 - Overriding database path with different value: /home/dim0k/.stmcufinder/plugins/mcufinder/ => /home/dim0k/.stmcufinder/plugins/mcufinder
2025-12-01 01:30:53,298 [INFO] DbMcusAds:125 - Set database path to: /home/dim0k/.stmcufinder/plugins/mcufinder//mcu/
2025-12-01 01:30:53,298 [WARN] DbFile:41 - Overriding database path with different value: /home/dim0k/.stmcufinder/plugins/mcufinder/ => /home/dim0k/.stmcufinder/plugins/mcufinder
2025-12-01 01:30:53,298 [WARN] DbFile:41 - Overriding database path with different value: /home/dim0k/.stmcufinder/plugins/mcufinder/ => /home/dim0k/.stmcufinder/plugins/mcufinder
2025-12-01 01:30:53,298 [INFO] CrossReferenceDbSqlite:203 - Set database path to: /home/dim0k/.stmcufinder/plugins/mcufinder//mcu/cs/
2025-12-01 01:30:53,307 [INFO] ApplicationProperties:184 - Using Application install path: /home/dim0k/st/stm32cubeide_1.19.0_3/plugins/com.st.stm32cube.common.mx_6.15.0.202507011659
2025-12-01 01:30:53,307 [INFO] PluginManage:196 - Search for loadable plugins [exclusion list=, ]
2025-12-01 01:30:53,308 [INFO] PluginManage:310 - Check plugin analytics
2025-12-01 01:30:53,422 [INFO] AnalyticsPlugin:253 - Accepted Software Licenses: 
2025-12-01 01:30:53,422 [INFO] AnalyticsPlugin:255 - Accepted CMSIS Pack Licenses: 
2025-12-01 01:30:53,422 [INFO] AnalyticsPlugin:257 - Accepted Firmware Licenses: FW.L4.1.18.0,FW.F4.1.28.0
2025-12-01 01:30:53,423 [INFO] PluginManage:359 - Loaded plugin analytics (category:tool,tabindex:-1)
2025-12-01 01:30:53,424 [INFO] PluginManage:310 - Check plugin cadmodel
2025-12-01 01:30:53,426 [INFO] CADModel:105 - Init CAD model plugin
2025-12-01 01:30:53,426 [INFO] PluginManage:359 - Loaded plugin cadmodel (category:power,tabindex:5)
2025-12-01 01:30:53,426 [INFO] PluginManage:310 - Check plugin clock
2025-12-01 01:30:53,431 [INFO] PluginManage:359 - Loaded plugin clock (category:base,tabindex:2)
2025-12-01 01:30:53,431 [INFO] PluginManage:310 - Check plugin ddr
2025-12-01 01:30:53,432 [INFO] PluginManage:359 - Loaded plugin ddr (category:tool,tabindex:6)
2025-12-01 01:30:53,432 [INFO] PluginManage:310 - Check plugin filemanager
2025-12-01 01:30:53,516 [INFO] PluginManage:359 - Loaded plugin filemanager (category:base,tabindex:10)
2025-12-01 01:30:53,516 [INFO] PluginManage:310 - Check plugin ipmanager
2025-12-01 01:30:53,519 [INFO] PluginManage:359 - Loaded plugin ipmanager (category:base,tabindex:5)
2025-12-01 01:30:53,519 [INFO] PluginManage:310 - Check plugin lpbam
2025-12-01 01:30:53,523 [INFO] PluginManage:359 - Loaded plugin lpbam (category:base,tabindex:0)
2025-12-01 01:30:53,524 [INFO] PluginManage:310 - Check plugin memorymap
2025-12-01 01:30:53,530 [INFO] PluginManage:359 - Loaded plugin memorymap (category:base,tabindex:4)
2025-12-01 01:30:53,530 [INFO] PluginManage:310 - Check plugin pinoutandconfiguration
2025-12-01 01:30:53,534 [INFO] PluginManage:359 - Loaded plugin pinoutandconfiguration (category:base,tabindex:1)
2025-12-01 01:30:53,534 [INFO] PluginManage:310 - Check plugin pinoutconfig
2025-12-01 01:30:53,581 [WARN] SupportedApi:132 - Cannot load RTOS API schema: s4s-elt-must-match.1: The content of 'definitions' must match (annotation?, (simpleType | complexType)?, (unique | key | keyref)*)). A problem was found starting at: attribute.
2025-12-01 01:30:53,649 [INFO] PluginManage:359 - Loaded plugin pinoutconfig (category:base,tabindex:0)
2025-12-01 01:30:53,649 [INFO] PluginManage:310 - Check plugin power
2025-12-01 01:30:53,653 [INFO] PluginManage:359 - Loaded plugin power (category:power,tabindex:4)
2025-12-01 01:30:53,653 [INFO] PluginManage:310 - Check plugin projectmanager
2025-12-01 01:30:53,663 [INFO] PluginManage:359 - Loaded plugin projectmanager (category:projectmanager,tabindex:4)
2025-12-01 01:30:53,663 [INFO] PluginManage:310 - Check plugin rif
2025-12-01 01:30:53,668 [INFO] PluginManage:359 - Loaded plugin rif (category:base,tabindex:3)
2025-12-01 01:30:53,668 [INFO] PluginManage:310 - Check plugin thirdparty
2025-12-01 01:30:53,744 [INFO] PluginManage:359 - Loaded plugin thirdparty (category:base,tabindex:-1)
2025-12-01 01:30:53,744 [WARN] IntegrityCheckThread:84 - waiting for thirdparty lock release [integrity check]
2025-12-01 01:30:53,744 [INFO] IntegrityCheckThread:86 - entering critical section [integrity check]
2025-12-01 01:30:53,744 [INFO] PluginManage:310 - Check plugin tools
2025-12-01 01:30:53,744 [INFO] ThirdPartyUpdaterWithRetryManager:70 - Updater plugin not ready yet. [1/15]
2025-12-01 01:30:53,746 [INFO] PluginManage:359 - Loaded plugin tools (category:base,tabindex:7)
2025-12-01 01:30:53,746 [INFO] PluginManage:310 - Check plugin tutovideos
2025-12-01 01:30:53,867 [INFO] PluginManage:359 - Loaded plugin tutovideos (category:base,tabindex:-1)
2025-12-01 01:30:53,867 [INFO] PluginManage:310 - Check plugin updater
2025-12-01 01:30:53,878 [INFO] PluginManage:359 - Loaded plugin updater (category:base,tabindex:12)
2025-12-01 01:30:53,878 [INFO] PluginManage:310 - Check plugin userauth
2025-12-01 01:30:53,880 [INFO] UserAuth:118 - Init User Auth plugin
2025-12-01 01:30:53,881 [INFO] PluginManage:359 - Loaded plugin userauth (category:base,tabindex:14)
2025-12-01 01:30:53,881 [INFO] PluginManage:283 - PluginManage : Loaded plugins [18]
2025-12-01 01:30:53,977 [INFO] PinOutPanel:1589 - setPackage(No Configuration,No Configuration)
2025-12-01 01:30:54,013 [INFO] CADModel:165 - CPN selected for project level
2025-12-01 01:30:54,013 [INFO] CADModel:114 - Register for checkConnection events
2025-12-01 01:30:54,018 [INFO] IPUIPlugin:80 - create IPUIPlugin
2025-12-01 01:30:54,018 [INFO] PluginManager:220 - loadIPPluginJar : add ltdc
2025-12-01 01:30:54,021 [INFO] IPUIPlugin:80 - create IPUIPlugin
2025-12-01 01:30:54,021 [INFO] PluginManager:220 - loadIPPluginJar : add ipddr
2025-12-01 01:30:54,024 [INFO] IPUIPlugin:80 - create IPUIPlugin
2025-12-01 01:30:54,024 [INFO] PluginManager:220 - loadIPPluginJar : add opamp
2025-12-01 01:30:54,025 [INFO] IPUIPlugin:80 - create IPUIPlugin
2025-12-01 01:30:54,025 [INFO] PluginManager:220 - loadIPPluginJar : add ucpd
2025-12-01 01:30:54,026 [INFO] IPUIPlugin:80 - create IPUIPlugin
2025-12-01 01:30:54,026 [INFO] PluginManager:220 - loadIPPluginJar : add radio
2025-12-01 01:30:54,029 [INFO] IPUIPlugin:80 - create IPUIPlugin
2025-12-01 01:30:54,029 [INFO] PluginManager:220 - loadIPPluginJar : add adc
2025-12-01 01:30:54,031 [INFO] IPUIPlugin:80 - create IPUIPlugin
2025-12-01 01:30:54,031 [INFO] PluginManager:220 - loadIPPluginJar : add resmgrutility
2025-12-01 01:30:54,032 [INFO] IPUIPlugin:80 - create IPUIPlugin
2025-12-01 01:30:54,032 [INFO] PluginManager:220 - loadIPPluginJar : add i2c
2025-12-01 01:30:54,033 [INFO] IPUIPlugin:80 - create IPUIPlugin
2025-12-01 01:30:54,034 [INFO] PluginManager:220 - loadIPPluginJar : add dma3
2025-12-01 01:30:54,035 [INFO] IPUIPlugin:80 - create IPUIPlugin
2025-12-01 01:30:54,035 [INFO] PluginManager:220 - loadIPPluginJar : add i3c
2025-12-01 01:30:54,036 [INFO] IPUIPlugin:80 - create IPUIPlugin
2025-12-01 01:30:54,037 [INFO] PluginManager:220 - loadIPPluginJar : add usbx
2025-12-01 01:30:54,039 [INFO] IPUIPlugin:80 - create IPUIPlugin
2025-12-01 01:30:54,039 [INFO] PluginManager:220 - loadIPPluginJar : add fmc
2025-12-01 01:30:54,042 [INFO] IPUIPlugin:80 - create IPUIPlugin
2025-12-01 01:30:54,042 [INFO] PluginManager:220 - loadIPPluginJar : add stm32_wpan
2025-12-01 01:30:54,043 [INFO] IPUIPlugin:80 - create IPUIPlugin
2025-12-01 01:30:54,043 [INFO] PluginManager:220 - loadIPPluginJar : add hash
2025-12-01 01:30:54,044 [INFO] IPUIPlugin:80 - create IPUIPlugin
2025-12-01 01:30:54,044 [INFO] PluginManager:220 - loadIPPluginJar : add tracer_emb
2025-12-01 01:30:54,045 [INFO] IPUIPlugin:80 - create IPUIPlugin
2025-12-01 01:30:54,045 [INFO] PluginManager:220 - loadIPPluginJar : add gfxmmu
2025-12-01 01:30:54,046 [INFO] IPUIPlugin:80 - create IPUIPlugin
2025-12-01 01:30:54,046 [INFO] PluginManager:220 - loadIPPluginJar : add cryp
2025-12-01 01:30:54,047 [INFO] IPUIPlugin:80 - create IPUIPlugin
2025-12-01 01:30:54,047 [INFO] PluginManager:220 - loadIPPluginJar : add tsc
2025-12-01 01:30:54,050 [INFO] IPUIPlugin:80 - create IPUIPlugin
2025-12-01 01:30:54,050 [INFO] PluginManager:220 - loadIPPluginJar : add mdma
2025-12-01 01:30:54,053 [INFO] IPUIPlugin:80 - create IPUIPlugin
2025-12-01 01:30:54,053 [INFO] PluginManager:220 - loadIPPluginJar : add freertos
2025-12-01 01:30:54,054 [INFO] IPUIPlugin:80 - create IPUIPlugin
2025-12-01 01:30:54,054 [INFO] PluginManager:220 - loadIPPluginJar : add dfsdm
2025-12-01 01:30:54,055 [INFO] IPUIPlugin:80 - create IPUIPlugin
2025-12-01 01:30:54,055 [INFO] PluginManager:220 - loadIPPluginJar : add comp
2025-12-01 01:30:54,056 [INFO] IPUIPlugin:80 - create IPUIPlugin
2025-12-01 01:30:54,056 [INFO] PluginManager:220 - loadIPPluginJar : add touchsensing
2025-12-01 01:30:54,058 [INFO] IPUIPlugin:80 - create IPUIPlugin
2025-12-01 01:30:54,058 [INFO] PluginManager:220 - loadIPPluginJar : add nvic
2025-12-01 01:30:54,059 [INFO] IPUIPlugin:80 - create IPUIPlugin
2025-12-01 01:30:54,059 [INFO] PluginManager:220 - loadIPPluginJar : add tim
2025-12-01 01:30:54,060 [INFO] IPUIPlugin:80 - create IPUIPlugin
2025-12-01 01:30:54,060 [INFO] PluginManager:220 - loadIPPluginJar : add spi
2025-12-01 01:30:54,061 [INFO] IPUIPlugin:80 - create IPUIPlugin
2025-12-01 01:30:54,062 [INFO] PluginManager:220 - loadIPPluginJar : add sai
2025-12-01 01:30:54,063 [INFO] IPUIPlugin:80 - create IPUIPlugin
2025-12-01 01:30:54,063 [INFO] PluginManager:220 - loadIPPluginJar : add ddr_ctrl_phy
2025-12-01 01:30:54,065 [INFO] IPUIPlugin:80 - create IPUIPlugin
2025-12-01 01:30:54,065 [INFO] PluginManager:220 - loadIPPluginJar : add gtzc
2025-12-01 01:30:54,066 [INFO] IPUIPlugin:80 - create IPUIPlugin
2025-12-01 01:30:54,066 [INFO] PluginManager:220 - loadIPPluginJar : add ts
2025-12-01 01:30:54,068 [INFO] IPUIPlugin:80 - create IPUIPlugin
2025-12-01 01:30:54,068 [INFO] PluginManager:220 - loadIPPluginJar : add gic
2025-12-01 01:30:54,069 [INFO] IPUIPlugin:80 - create IPUIPlugin
2025-12-01 01:30:54,069 [INFO] PluginManager:220 - loadIPPluginJar : add fatfs
2025-12-01 01:30:54,072 [INFO] IPUIPlugin:80 - create IPUIPlugin
2025-12-01 01:30:54,072 [INFO] PluginManager:220 - loadIPPluginJar : add dma
2025-12-01 01:30:54,073 [INFO] IPUIPlugin:80 - create IPUIPlugin
2025-12-01 01:30:54,073 [INFO] PluginManager:220 - loadIPPluginJar : add openamp
2025-12-01 01:30:54,075 [INFO] IPUIPlugin:80 - create IPUIPlugin
2025-12-01 01:30:54,075 [INFO] PluginManager:220 - loadIPPluginJar : add pdm2pcm
2025-12-01 01:30:54,076 [INFO] IPUIPlugin:80 - create IPUIPlugin
2025-12-01 01:30:54,076 [INFO] PluginManager:220 - loadIPPluginJar : add usart
2025-12-01 01:30:54,078 [INFO] IPUIPlugin:80 - create IPUIPlugin
2025-12-01 01:30:54,078 [INFO] PluginManager:220 - loadIPPluginJar : add gpio
2025-12-01 01:30:54,079 [INFO] IPUIPlugin:80 - create IPUIPlugin
2025-12-01 01:30:54,079 [INFO] PluginManager:220 - loadIPPluginJar : add quadspi
2025-12-01 01:30:54,082 [INFO] IPUIPlugin:80 - create IPUIPlugin
2025-12-01 01:30:54,083 [INFO] PluginManager:220 - loadIPPluginJar : add plateformsettings
2025-12-01 01:30:54,085 [INFO] IPUIPlugin:80 - create IPUIPlugin
2025-12-01 01:30:54,085 [INFO] PluginManager:220 - loadIPPluginJar : add i2s
2025-12-01 01:30:54,086 [INFO] IPUIPlugin:80 - create IPUIPlugin
2025-12-01 01:30:54,086 [INFO] PluginManager:220 - loadIPPluginJar : add can
2025-12-01 01:30:54,087 [INFO] IPUIPlugin:80 - create IPUIPlugin
2025-12-01 01:30:54,087 [INFO] PluginManager:220 - loadIPPluginJar : add aes
2025-12-01 01:30:54,088 [INFO] IPUIPlugin:80 - create IPUIPlugin
2025-12-01 01:30:54,088 [INFO] PluginManager:220 - loadIPPluginJar : add lorawan
2025-12-01 01:30:54,089 [INFO] IPUIPlugin:80 - create IPUIPlugin
2025-12-01 01:30:54,089 [INFO] PluginManager:220 - loadIPPluginJar : add extmemmanager
2025-12-01 01:30:54,090 [INFO] IPUIPlugin:80 - create IPUIPlugin
2025-12-01 01:30:54,090 [INFO] PluginManager:220 - loadIPPluginJar : add genericplugin
2025-12-01 01:30:54,094 [INFO] IPUIPlugin:80 - create IPUIPlugin
2025-12-01 01:30:54,094 [INFO] PluginManager:220 - loadIPPluginJar : add linkedlist
2025-12-01 01:30:54,183 [FATAL] Updater:351 - Updater called before beeing initialized
2025-12-01 01:30:54,199 [INFO] RulesReader:64 - Compatibility file has been processed (317 Rules)
2025-12-01 01:30:54,207 [INFO] RulesReader:64 - Compatibility file has been processed (317 Rules)
2025-12-01 01:30:54,212 [INFO] CADModel:165 - CPN selected for project level
2025-12-01 01:30:54,212 [INFO] CADModel:114 - Register for checkConnection events
2025-12-01 01:30:54,212 [FATAL] Updater:351 - Updater called before beeing initialized
2025-12-01 01:30:54,212 [ERROR] CADModel:125 - Updater not yet initialized, retry later 
2025-12-01 01:30:54,273 [FATAL] Updater:351 - Updater called before beeing initialized
2025-12-01 01:30:54,274 [INFO] CADModel:165 - CPN selected for project level
2025-12-01 01:30:54,274 [INFO] CADModel:114 - Register for checkConnection events
2025-12-01 01:30:54,274 [FATAL] Updater:351 - Updater called before beeing initialized
2025-12-01 01:30:54,274 [ERROR] CADModel:125 - Updater not yet initialized, retry later 
2025-12-01 01:30:54,276 [FATAL] Updater:351 - Updater called before beeing initialized
2025-12-01 01:30:54,324 [FATAL] Updater:351 - Updater called before beeing initialized
2025-12-01 01:30:54,326 [INFO] DbMcusAds:53 - JSON generation date=Thu Sep 30 09:55:09 MSK 2021 (1632984909247)
2025-12-01 01:30:54,326 [FATAL] Updater:351 - Updater called before beeing initialized
2025-12-01 01:30:54,347 [WARN] DetailPanel:346 - Failed to get advertising image, set to default
2025-12-01 01:30:54,391 [FATAL] Updater:351 - Updater called before beeing initialized
2025-12-01 01:30:54,392 [FATAL] Updater:351 - Updater called before beeing initialized
2025-12-01 01:30:54,392 [FATAL] Updater:351 - Updater called before beeing initialized
2025-12-01 01:30:54,393 [WARN] DetailPanel:346 - Failed to get advertising image, set to default
2025-12-01 01:30:54,393 [FATAL] Updater:351 - Updater called before beeing initialized
2025-12-01 01:30:54,412 [ERROR] Updater:1198 - MainUpdater not yet initialized. External WinMGr cannot be set.
2025-12-01 01:30:54,413 [INFO] Updater:1134 - Updater Version found : 6.15.0
2025-12-01 01:30:54,423 [INFO] ApplicationProperties:184 - Using Application install path: /home/dim0k/st/stm32cubeide_1.19.0_3/plugins/com.st.stm32cube.common.mx_6.15.0.202507011659
2025-12-01 01:30:54,580 [ERROR] CheckConnectionManager:249 - Problem, Http access forbiden
2025-12-01 01:30:54,582 [INFO] MainUpdater:2872 - connection check result : 22
2025-12-01 01:30:54,582 [INFO] MainUpdater:289 - Updater Check For Update Now.
2025-12-01 01:30:54,582 [INFO] MicroXplorer:498 - Change Database Version : DB.6.0.150
2025-12-01 01:30:54,585 [INFO] McuFinderGlobals:63 - Set McuFinder mode to 2 (CubeIDE integrated)
2025-12-01 01:30:54,585 [INFO] UserAuth:171 - activating auth plugin
2025-12-01 01:30:54,587 [INFO] UserAuth:487 - Internet connection configuration mode: 2
2025-12-01 01:30:54,590 [INFO] UserAuth:487 - Internet connection configuration mode: 2
2025-12-01 01:30:54,741 [INFO] CheckServerUpdateThread:120 - End of CheckServer Thread
2025-12-01 01:30:56,781 [INFO] ThirdParty:978 - Integrity check success = true
2025-12-01 01:30:56,782 [INFO] IntegrityCheckThread:100 - exiting critical section [integrity check]
2025-12-01 01:30:56,782 [INFO] IntegrityCheckThread:103 - End integrity checks thread
2025-12-01 13:05:14,201 [INFO] Activator:176 - 


2025-12-01 13:05:14,216 [INFO] Activator:177 - !SESSION log4j initialized
2025-12-01 13:05:16,043 [ERROR] LogOutputStream:75 - [STDERR_REDIRECT] дек. 01, 2025 1:05:16 PM java.util.prefs.FileSystemPreferences$1 run
2025-12-01 13:05:16,043 [ERROR] LogOutputStream:75 - [STDERR_REDIRECT] INFO: Created user preferences directory.
2025-12-01 13:05:16,043 [ERROR] LogOutputStream:75 - [STDERR_REDIRECT] 
2025-12-01 13:05:17,708 [INFO] LogOutputStream:77 - [STDOUT_REDIRECT] 
2025-12-01 13:05:18,761 [INFO] ApplicationProperties:184 - Using Application install path: /home/dim0k/st/stm32cubeide_1.19.0_3/plugins/com.st.stm32cube.common.mx_6.15.0.202507011659
2025-12-01 13:05:18,773 [INFO] DbMcusXml:78 - Set database path to: /home/dim0k/st/stm32cubeide_1.19.0_3/plugins/com.st.stm32cube.common.mx_6.15.0.202507011659//db//mcu/
2025-12-01 13:05:18,773 [INFO] ApiDb:274 - Set plugin database path to: /home/dim0k/st/stm32cubeide_1.19.0_3/plugins/com.st.stm32cube.common.mx_6.15.0.202507011659//db//plugins/boardmanager/
2025-12-01 13:05:18,773 [WARN] ApiDb:259 - Overriding images path with different value:  => /home/dim0k/st/stm32cubeide_1.19.0_3/plugins/com.st.stm32cube.common.mx_6.15.0.202507011659//db//plugins/mcufinder/images/
2025-12-01 13:05:19,327 [WARN] ApiFinderProperties:113 - /home/dim0k/.stmcufinder/plugins/mcufinder/mcu/mcuFinder.mfd doesn't exist
2025-12-01 13:05:19,328 [INFO] ApiDb:250 - Set database path to: /home/dim0k/.stmcufinder/plugins/mcufinder//mcu/
2025-12-01 13:05:19,330 [INFO] DbMcusAds:125 - Set database path to: /home/dim0k/.stmcufinder/plugins/mcufinder//mcu/
2025-12-01 13:05:19,332 [INFO] CrossReferenceDbSqlite:203 - Set database path to: /home/dim0k/.stmcufinder/plugins/mcufinder//mcu/cs/
2025-12-01 13:05:19,399 [INFO] RulesReader:64 - Compatibility file has been processed (317 Rules)
2025-12-01 13:05:19,433 [INFO] DbMcusXml:78 - Set database path to: /home/dim0k/st/stm32cubeide_1.19.0_3/plugins/com.st.stm32cube.common.mx_6.15.0.202507011659//db//mcu/
2025-12-01 13:05:19,445 [INFO] ApiDb:274 - Set plugin database path to: /home/dim0k/st/stm32cubeide_1.19.0_3/plugins/com.st.stm32cube.common.mx_6.15.0.202507011659//db//plugins/boardmanager/
2025-12-01 13:05:19,446 [INFO] ApiDb:261 - Set plugin images path to: /home/dim0k/st/stm32cubeide_1.19.0_3/plugins/com.st.stm32cube.common.mx_6.15.0.202507011659//db//plugins/mcufinder/images/
2025-12-01 13:05:19,446 [WARN] DbFile:41 - Overriding database path with different value: /home/dim0k/.stmcufinder/plugins/mcufinder/ => /home/dim0k/.stmcufinder/plugins/mcufinder
2025-12-01 13:05:19,446 [INFO] ApiDb:250 - Set database path to: /home/dim0k/.stmcufinder/plugins/mcufinder//mcu/
2025-12-01 13:05:19,446 [WARN] DbFile:41 - Overriding database path with different value: /home/dim0k/.stmcufinder/plugins/mcufinder/ => /home/dim0k/.stmcufinder/plugins/mcufinder
2025-12-01 13:05:19,446 [INFO] DbMcusAds:125 - Set database path to: /home/dim0k/.stmcufinder/plugins/mcufinder//mcu/
2025-12-01 13:05:19,446 [WARN] DbFile:41 - Overriding database path with different value: /home/dim0k/.stmcufinder/plugins/mcufinder/ => /home/dim0k/.stmcufinder/plugins/mcufinder
2025-12-01 13:05:19,447 [WARN] DbFile:41 - Overriding database path with different value: /home/dim0k/.stmcufinder/plugins/mcufinder/ => /home/dim0k/.stmcufinder/plugins/mcufinder
2025-12-01 13:05:19,447 [INFO] CrossReferenceDbSqlite:203 - Set database path to: /home/dim0k/.stmcufinder/plugins/mcufinder//mcu/cs/
2025-12-01 13:05:19,493 [INFO] MainPanel:274 - HeapMemory: 268435456
2025-12-01 13:05:19,633 [INFO] DbMcusXml:78 - Set database path to: /home/dim0k/st/stm32cubeide_1.19.0_3/plugins/com.st.stm32cube.common.mx_6.15.0.202507011659//db//mcu/
2025-12-01 13:05:19,634 [INFO] ApiDb:274 - Set plugin database path to: /home/dim0k/st/stm32cubeide_1.19.0_3/plugins/com.st.stm32cube.common.mx_6.15.0.202507011659//db//plugins/boardmanager/
2025-12-01 13:05:19,634 [INFO] ApiDb:261 - Set plugin images path to: /home/dim0k/st/stm32cubeide_1.19.0_3/plugins/com.st.stm32cube.common.mx_6.15.0.202507011659//db//plugins/mcufinder/images/
2025-12-01 13:05:19,634 [WARN] DbFile:41 - Overriding database path with different value: /home/dim0k/.stmcufinder/plugins/mcufinder/ => /home/dim0k/.stmcufinder/plugins/mcufinder
2025-12-01 13:05:19,634 [INFO] ApiDb:250 - Set database path to: /home/dim0k/.stmcufinder/plugins/mcufinder//mcu/
2025-12-01 13:05:19,634 [WARN] DbFile:41 - Overriding database path with different value: /home/dim0k/.stmcufinder/plugins/mcufinder/ => /home/dim0k/.stmcufinder/plugins/mcufinder
2025-12-01 13:05:19,634 [INFO] DbMcusAds:125 - Set database path to: /home/dim0k/.stmcufinder/plugins/mcufinder//mcu/
2025-12-01 13:05:19,635 [WARN] DbFile:41 - Overriding database path with different value: /home/dim0k/.stmcufinder/plugins/mcufinder/ => /home/dim0k/.stmcufinder/plugins/mcufinder
2025-12-01 13:05:19,635 [WARN] DbFile:41 - Overriding database path with different value: /home/dim0k/.stmcufinder/plugins/mcufinder/ => /home/dim0k/.stmcufinder/plugins/mcufinder
2025-12-01 13:05:19,635 [INFO] CrossReferenceDbSqlite:203 - Set database path to: /home/dim0k/.stmcufinder/plugins/mcufinder//mcu/cs/
2025-12-01 13:05:19,644 [INFO] ApplicationProperties:184 - Using Application install path: /home/dim0k/st/stm32cubeide_1.19.0_3/plugins/com.st.stm32cube.common.mx_6.15.0.202507011659
2025-12-01 13:05:19,645 [INFO] PluginManage:196 - Search for loadable plugins [exclusion list=, ]
2025-12-01 13:05:19,645 [INFO] PluginManage:310 - Check plugin analytics
2025-12-01 13:05:19,747 [INFO] AnalyticsPlugin:253 - Accepted Software Licenses: 
2025-12-01 13:05:19,748 [INFO] AnalyticsPlugin:255 - Accepted CMSIS Pack Licenses: 
2025-12-01 13:05:19,748 [INFO] AnalyticsPlugin:257 - Accepted Firmware Licenses: 
2025-12-01 13:05:19,749 [INFO] PluginManage:359 - Loaded plugin analytics (category:tool,tabindex:-1)
2025-12-01 13:05:19,749 [INFO] PluginManage:310 - Check plugin cadmodel
2025-12-01 13:05:19,753 [INFO] CADModel:105 - Init CAD model plugin
2025-12-01 13:05:19,753 [INFO] PluginManage:359 - Loaded plugin cadmodel (category:power,tabindex:5)
2025-12-01 13:05:19,753 [INFO] PluginManage:310 - Check plugin clock
2025-12-01 13:05:19,760 [INFO] PluginManage:359 - Loaded plugin clock (category:base,tabindex:2)
2025-12-01 13:05:19,760 [INFO] PluginManage:310 - Check plugin ddr
2025-12-01 13:05:19,762 [INFO] PluginManage:359 - Loaded plugin ddr (category:tool,tabindex:6)
2025-12-01 13:05:19,762 [INFO] PluginManage:310 - Check plugin filemanager
2025-12-01 13:05:19,858 [INFO] PluginManage:359 - Loaded plugin filemanager (category:base,tabindex:10)
2025-12-01 13:05:19,858 [INFO] PluginManage:310 - Check plugin ipmanager
2025-12-01 13:05:19,862 [INFO] PluginManage:359 - Loaded plugin ipmanager (category:base,tabindex:5)
2025-12-01 13:05:19,862 [INFO] PluginManage:310 - Check plugin lpbam
2025-12-01 13:05:19,869 [INFO] PluginManage:359 - Loaded plugin lpbam (category:base,tabindex:0)
2025-12-01 13:05:19,869 [INFO] PluginManage:310 - Check plugin memorymap
2025-12-01 13:05:19,878 [INFO] PluginManage:359 - Loaded plugin memorymap (category:base,tabindex:4)
2025-12-01 13:05:19,878 [INFO] PluginManage:310 - Check plugin pinoutandconfiguration
2025-12-01 13:05:19,885 [INFO] PluginManage:359 - Loaded plugin pinoutandconfiguration (category:base,tabindex:1)
2025-12-01 13:05:19,885 [INFO] PluginManage:310 - Check plugin pinoutconfig
2025-12-01 13:05:19,943 [WARN] SupportedApi:132 - Cannot load RTOS API schema: s4s-elt-must-match.1: The content of 'definitions' must match (annotation?, (simpleType | complexType)?, (unique | key | keyref)*)). A problem was found starting at: attribute.
2025-12-01 13:05:20,024 [INFO] PluginManage:359 - Loaded plugin pinoutconfig (category:base,tabindex:0)
2025-12-01 13:05:20,025 [INFO] PluginManage:310 - Check plugin power
2025-12-01 13:05:20,032 [INFO] PluginManage:359 - Loaded plugin power (category:power,tabindex:4)
2025-12-01 13:05:20,032 [INFO] PluginManage:310 - Check plugin projectmanager
2025-12-01 13:05:20,041 [INFO] PluginManage:359 - Loaded plugin projectmanager (category:projectmanager,tabindex:4)
2025-12-01 13:05:20,041 [INFO] PluginManage:310 - Check plugin rif
2025-12-01 13:05:20,048 [INFO] PluginManage:359 - Loaded plugin rif (category:base,tabindex:3)
2025-12-01 13:05:20,048 [INFO] PluginManage:310 - Check plugin thirdparty
2025-12-01 13:05:20,116 [INFO] PluginManage:359 - Loaded plugin thirdparty (category:base,tabindex:-1)
2025-12-01 13:05:20,116 [WARN] IntegrityCheckThread:84 - waiting for thirdparty lock release [integrity check]
2025-12-01 13:05:20,116 [INFO] IntegrityCheckThread:86 - entering critical section [integrity check]
2025-12-01 13:05:20,116 [INFO] PluginManage:310 - Check plugin tools
2025-12-01 13:05:20,116 [INFO] ThirdPartyUpdaterWithRetryManager:70 - Updater plugin not ready yet. [1/15]
2025-12-01 13:05:20,118 [INFO] PluginManage:359 - Loaded plugin tools (category:base,tabindex:7)
2025-12-01 13:05:20,118 [INFO] PluginManage:310 - Check plugin tutovideos
2025-12-01 13:05:20,257 [INFO] PluginManage:359 - Loaded plugin tutovideos (category:base,tabindex:-1)
2025-12-01 13:05:20,257 [INFO] PluginManage:310 - Check plugin updater
2025-12-01 13:05:20,273 [INFO] PluginManage:359 - Loaded plugin updater (category:base,tabindex:12)
2025-12-01 13:05:20,273 [INFO] PluginManage:310 - Check plugin userauth
2025-12-01 13:05:20,276 [INFO] UserAuth:118 - Init User Auth plugin
2025-12-01 13:05:20,277 [INFO] PluginManage:359 - Loaded plugin userauth (category:base,tabindex:14)
2025-12-01 13:05:20,277 [INFO] PluginManage:283 - PluginManage : Loaded plugins [18]
2025-12-01 13:05:20,390 [INFO] PinOutPanel:1589 - setPackage(No Configuration,No Configuration)
2025-12-01 13:05:20,432 [INFO] CADModel:165 - CPN selected for project level
2025-12-01 13:05:20,432 [INFO] CADModel:114 - Register for checkConnection events
2025-12-01 13:05:20,439 [INFO] IPUIPlugin:80 - create IPUIPlugin
2025-12-01 13:05:20,439 [INFO] PluginManager:220 - loadIPPluginJar : add ltdc
2025-12-01 13:05:20,443 [INFO] IPUIPlugin:80 - create IPUIPlugin
2025-12-01 13:05:20,443 [INFO] PluginManager:220 - loadIPPluginJar : add ipddr
2025-12-01 13:05:20,445 [INFO] IPUIPlugin:80 - create IPUIPlugin
2025-12-01 13:05:20,445 [INFO] PluginManager:220 - loadIPPluginJar : add opamp
2025-12-01 13:05:20,446 [INFO] IPUIPlugin:80 - create IPUIPlugin
2025-12-01 13:05:20,447 [INFO] PluginManager:220 - loadIPPluginJar : add ucpd
2025-12-01 13:05:20,447 [INFO] IPUIPlugin:80 - create IPUIPlugin
2025-12-01 13:05:20,448 [INFO] PluginManager:220 - loadIPPluginJar : add radio
2025-12-01 13:05:20,451 [INFO] IPUIPlugin:80 - create IPUIPlugin
2025-12-01 13:05:20,451 [INFO] PluginManager:220 - loadIPPluginJar : add adc
2025-12-01 13:05:20,454 [INFO] IPUIPlugin:80 - create IPUIPlugin
2025-12-01 13:05:20,454 [INFO] PluginManager:220 - loadIPPluginJar : add resmgrutility
2025-12-01 13:05:20,455 [INFO] IPUIPlugin:80 - create IPUIPlugin
2025-12-01 13:05:20,455 [INFO] PluginManager:220 - loadIPPluginJar : add i2c
2025-12-01 13:05:20,457 [INFO] IPUIPlugin:80 - create IPUIPlugin
2025-12-01 13:05:20,457 [INFO] PluginManager:220 - loadIPPluginJar : add dma3
2025-12-01 13:05:20,458 [INFO] IPUIPlugin:80 - create IPUIPlugin
2025-12-01 13:05:20,459 [INFO] PluginManager:220 - loadIPPluginJar : add i3c
2025-12-01 13:05:20,460 [INFO] IPUIPlugin:80 - create IPUIPlugin
2025-12-01 13:05:20,460 [INFO] PluginManager:220 - loadIPPluginJar : add usbx
2025-12-01 13:05:20,463 [INFO] IPUIPlugin:80 - create IPUIPlugin
2025-12-01 13:05:20,463 [INFO] PluginManager:220 - loadIPPluginJar : add fmc
2025-12-01 13:05:20,467 [INFO] IPUIPlugin:80 - create IPUIPlugin
2025-12-01 13:05:20,467 [INFO] PluginManager:220 - loadIPPluginJar : add stm32_wpan
2025-12-01 13:05:20,468 [INFO] IPUIPlugin:80 - create IPUIPlugin
2025-12-01 13:05:20,468 [INFO] PluginManager:220 - loadIPPluginJar : add hash
2025-12-01 13:05:20,470 [INFO] IPUIPlugin:80 - create IPUIPlugin
2025-12-01 13:05:20,470 [INFO] PluginManager:220 - loadIPPluginJar : add tracer_emb
2025-12-01 13:05:20,471 [INFO] IPUIPlugin:80 - create IPUIPlugin
2025-12-01 13:05:20,471 [INFO] PluginManager:220 - loadIPPluginJar : add gfxmmu
2025-12-01 13:05:20,473 [INFO] IPUIPlugin:80 - create IPUIPlugin
2025-12-01 13:05:20,473 [INFO] PluginManager:220 - loadIPPluginJar : add cryp
2025-12-01 13:05:20,474 [INFO] IPUIPlugin:80 - create IPUIPlugin
2025-12-01 13:05:20,474 [INFO] PluginManager:220 - loadIPPluginJar : add tsc
2025-12-01 13:05:20,478 [INFO] IPUIPlugin:80 - create IPUIPlugin
2025-12-01 13:05:20,478 [INFO] PluginManager:220 - loadIPPluginJar : add mdma
2025-12-01 13:05:20,482 [INFO] IPUIPlugin:80 - create IPUIPlugin
2025-12-01 13:05:20,482 [INFO] PluginManager:220 - loadIPPluginJar : add freertos
2025-12-01 13:05:20,484 [INFO] IPUIPlugin:80 - create IPUIPlugin
2025-12-01 13:05:20,484 [INFO] PluginManager:220 - loadIPPluginJar : add dfsdm
2025-12-01 13:05:20,485 [INFO] IPUIPlugin:80 - create IPUIPlugin
2025-12-01 13:05:20,485 [INFO] PluginManager:220 - loadIPPluginJar : add comp
2025-12-01 13:05:20,487 [INFO] IPUIPlugin:80 - create IPUIPlugin
2025-12-01 13:05:20,487 [INFO] PluginManager:220 - loadIPPluginJar : add touchsensing
2025-12-01 13:05:20,490 [INFO] IPUIPlugin:80 - create IPUIPlugin
2025-12-01 13:05:20,491 [INFO] PluginManager:220 - loadIPPluginJar : add nvic
2025-12-01 13:05:20,492 [INFO] IPUIPlugin:80 - create IPUIPlugin
2025-12-01 13:05:20,492 [INFO] PluginManager:220 - loadIPPluginJar : add tim
2025-12-01 13:05:20,493 [INFO] IPUIPlugin:80 - create IPUIPlugin
2025-12-01 13:05:20,493 [INFO] PluginManager:220 - loadIPPluginJar : add spi
2025-12-01 13:05:20,495 [INFO] IPUIPlugin:80 - create IPUIPlugin
2025-12-01 13:05:20,495 [INFO] PluginManager:220 - loadIPPluginJar : add sai
2025-12-01 13:05:20,498 [INFO] IPUIPlugin:80 - create IPUIPlugin
2025-12-01 13:05:20,498 [INFO] PluginManager:220 - loadIPPluginJar : add ddr_ctrl_phy
2025-12-01 13:05:20,500 [INFO] IPUIPlugin:80 - create IPUIPlugin
2025-12-01 13:05:20,500 [INFO] PluginManager:220 - loadIPPluginJar : add gtzc
2025-12-01 13:05:20,501 [INFO] IPUIPlugin:80 - create IPUIPlugin
2025-12-01 13:05:20,501 [INFO] PluginManager:220 - loadIPPluginJar : add ts
2025-12-01 13:05:20,505 [INFO] IPUIPlugin:80 - create IPUIPlugin
2025-12-01 13:05:20,506 [INFO] PluginManager:220 - loadIPPluginJar : add gic
2025-12-01 13:05:20,506 [INFO] IPUIPlugin:80 - create IPUIPlugin
2025-12-01 13:05:20,507 [INFO] PluginManager:220 - loadIPPluginJar : add fatfs
2025-12-01 13:05:20,510 [INFO] IPUIPlugin:80 - create IPUIPlugin
2025-12-01 13:05:20,510 [INFO] PluginManager:220 - loadIPPluginJar : add dma
2025-12-01 13:05:20,512 [INFO] IPUIPlugin:80 - create IPUIPlugin
2025-12-01 13:05:20,512 [INFO] PluginManager:220 - loadIPPluginJar : add openamp
2025-12-01 13:05:20,514 [INFO] IPUIPlugin:80 - create IPUIPlugin
2025-12-01 13:05:20,514 [INFO] PluginManager:220 - loadIPPluginJar : add pdm2pcm
2025-12-01 13:05:20,515 [INFO] IPUIPlugin:80 - create IPUIPlugin
2025-12-01 13:05:20,515 [INFO] PluginManager:220 - loadIPPluginJar : add usart
2025-12-01 13:05:20,519 [INFO] IPUIPlugin:80 - create IPUIPlugin
2025-12-01 13:05:20,519 [INFO] PluginManager:220 - loadIPPluginJar : add gpio
2025-12-01 13:05:20,520 [INFO] IPUIPlugin:80 - create IPUIPlugin
2025-12-01 13:05:20,520 [INFO] PluginManager:220 - loadIPPluginJar : add quadspi
2025-12-01 13:05:20,525 [INFO] IPUIPlugin:80 - create IPUIPlugin
2025-12-01 13:05:20,527 [INFO] PluginManager:220 - loadIPPluginJar : add plateformsettings
2025-12-01 13:05:20,528 [INFO] IPUIPlugin:80 - create IPUIPlugin
2025-12-01 13:05:20,528 [INFO] PluginManager:220 - loadIPPluginJar : add i2s
2025-12-01 13:05:20,530 [INFO] IPUIPlugin:80 - create IPUIPlugin
2025-12-01 13:05:20,530 [INFO] PluginManager:220 - loadIPPluginJar : add can
2025-12-01 13:05:20,532 [INFO] IPUIPlugin:80 - create IPUIPlugin
2025-12-01 13:05:20,532 [INFO] PluginManager:220 - loadIPPluginJar : add aes
2025-12-01 13:05:20,533 [INFO] IPUIPlugin:80 - create IPUIPlugin
2025-12-01 13:05:20,533 [INFO] PluginManager:220 - loadIPPluginJar : add lorawan
2025-12-01 13:05:20,535 [INFO] IPUIPlugin:80 - create IPUIPlugin
2025-12-01 13:05:20,535 [INFO] PluginManager:220 - loadIPPluginJar : add extmemmanager
2025-12-01 13:05:20,536 [INFO] IPUIPlugin:80 - create IPUIPlugin
2025-12-01 13:05:20,536 [INFO] PluginManager:220 - loadIPPluginJar : add genericplugin
2025-12-01 13:05:20,540 [INFO] IPUIPlugin:80 - create IPUIPlugin
2025-12-01 13:05:20,540 [INFO] PluginManager:220 - loadIPPluginJar : add linkedlist
2025-12-01 13:05:20,631 [FATAL] Updater:351 - Updater called before beeing initialized
2025-12-01 13:05:20,648 [INFO] RulesReader:64 - Compatibility file has been processed (317 Rules)
2025-12-01 13:05:20,655 [INFO] RulesReader:64 - Compatibility file has been processed (317 Rules)
2025-12-01 13:05:20,660 [INFO] CADModel:165 - CPN selected for project level
2025-12-01 13:05:20,660 [INFO] CADModel:114 - Register for checkConnection events
2025-12-01 13:05:20,660 [FATAL] Updater:351 - Updater called before beeing initialized
2025-12-01 13:05:20,660 [ERROR] CADModel:125 - Updater not yet initialized, retry later 
2025-12-01 13:05:20,738 [FATAL] Updater:351 - Updater called before beeing initialized
2025-12-01 13:05:20,739 [INFO] CADModel:165 - CPN selected for project level
2025-12-01 13:05:20,739 [INFO] CADModel:114 - Register for checkConnection events
2025-12-01 13:05:20,739 [FATAL] Updater:351 - Updater called before beeing initialized
2025-12-01 13:05:20,739 [ERROR] CADModel:125 - Updater not yet initialized, retry later 
2025-12-01 13:05:20,741 [FATAL] Updater:351 - Updater called before beeing initialized
2025-12-01 13:05:20,791 [FATAL] Updater:351 - Updater called before beeing initialized
2025-12-01 13:05:20,794 [INFO] DbMcusAds:53 - JSON generation date=Thu Sep 30 09:55:09 MSK 2021 (1632984909247)
2025-12-01 13:05:20,794 [FATAL] Updater:351 - Updater called before beeing initialized
2025-12-01 13:05:20,819 [WARN] DetailPanel:346 - Failed to get advertising image, set to default
2025-12-01 13:05:20,864 [FATAL] Updater:351 - Updater called before beeing initialized
2025-12-01 13:05:20,865 [FATAL] Updater:351 - Updater called before beeing initialized
2025-12-01 13:05:20,866 [FATAL] Updater:351 - Updater called before beeing initialized
2025-12-01 13:05:20,866 [WARN] DetailPanel:346 - Failed to get advertising image, set to default
2025-12-01 13:05:20,866 [FATAL] Updater:351 - Updater called before beeing initialized
2025-12-01 13:05:20,886 [ERROR] Updater:1198 - MainUpdater not yet initialized. External WinMGr cannot be set.
2025-12-01 13:05:20,887 [INFO] Updater:1134 - Updater Version found : 6.15.0
2025-12-01 13:05:20,898 [INFO] ApplicationProperties:184 - Using Application install path: /home/dim0k/st/stm32cubeide_1.19.0_3/plugins/com.st.stm32cube.common.mx_6.15.0.202507011659
2025-12-01 13:05:20,919 [INFO] MainUpdater:525 - Copy updater definitions from MX database
2025-12-01 13:05:20,938 [INFO] MainUpdater:558 - Copy flag file definitions from MX database
2025-12-01 13:05:20,939 [INFO] MainUpdater:574 - Copy thirdparty index definitions from MX database
2025-12-01 13:05:20,939 [INFO] MainUpdater:593 - Copy default thirdparty db definitions from MX database
2025-12-01 13:05:21,225 [ERROR] CheckConnectionManager:249 - Problem, Http access forbiden
2025-12-01 13:05:21,229 [INFO] MainUpdater:2872 - connection check result : 22
2025-12-01 13:05:21,230 [INFO] MainUpdater:289 - Updater Check For Update Now.
2025-12-01 13:05:21,230 [INFO] MicroXplorer:498 - Change Database Version : DB.6.0.150
2025-12-01 13:05:21,235 [INFO] McuFinderGlobals:63 - Set McuFinder mode to 2 (CubeIDE integrated)
2025-12-01 13:05:21,235 [INFO] UserAuth:171 - activating auth plugin
2025-12-01 13:05:21,237 [INFO] UserAuth:487 - Internet connection configuration mode: 2
2025-12-01 13:05:21,240 [INFO] UserAuth:487 - Internet connection configuration mode: 2
2025-12-01 13:05:21,268 [WARN] CheckServerUpdateThread:151 - Open CheckUpdateFile Fail
2025-12-01 13:05:21,383 [INFO] CheckServerUpdateThread:120 - End of CheckServer Thread
2025-12-01 13:05:23,161 [INFO] ThirdParty:978 - Integrity check success = true
2025-12-01 13:05:23,161 [INFO] IntegrityCheckThread:100 - exiting critical section [integrity check]
2025-12-01 13:05:23,161 [INFO] IntegrityCheckThread:103 - End integrity checks thread
2025-12-01 13:05:54,682 [ERROR] LogOutputStream:75 - [STDERR_REDIRECT] 
2025-12-01 13:06:02,695 [INFO] Activator:176 - 


2025-12-01 13:06:02,696 [INFO] Activator:177 - !SESSION log4j initialized
2025-12-01 13:06:05,509 [INFO] LogOutputStream:77 - [STDOUT_REDIRECT] 
2025-12-01 13:06:05,796 [INFO] ApplicationProperties:184 - Using Application install path: /home/dim0k/st/stm32cubeide_1.19.0_3/plugins/com.st.stm32cube.common.mx_6.15.0.202507011659
2025-12-01 13:06:05,807 [INFO] DbMcusXml:78 - Set database path to: /home/dim0k/st/stm32cubeide_1.19.0_3/plugins/com.st.stm32cube.common.mx_6.15.0.202507011659//db//mcu/
2025-12-01 13:06:05,807 [INFO] ApiDb:274 - Set plugin database path to: /home/dim0k/st/stm32cubeide_1.19.0_3/plugins/com.st.stm32cube.common.mx_6.15.0.202507011659//db//plugins/boardmanager/
2025-12-01 13:06:05,807 [WARN] ApiDb:259 - Overriding images path with different value:  => /home/dim0k/st/stm32cubeide_1.19.0_3/plugins/com.st.stm32cube.common.mx_6.15.0.202507011659//db//plugins/mcufinder/images/
2025-12-01 13:06:05,809 [INFO] ApiDb:250 - Set database path to: /home/dim0k/.stmcufinder/plugins/mcufinder//mcu/
2025-12-01 13:06:05,810 [INFO] DbMcusAds:125 - Set database path to: /home/dim0k/.stmcufinder/plugins/mcufinder//mcu/
2025-12-01 13:06:05,811 [INFO] CrossReferenceDbSqlite:203 - Set database path to: /home/dim0k/.stmcufinder/plugins/mcufinder//mcu/cs/
2025-12-01 13:06:05,876 [INFO] RulesReader:64 - Compatibility file has been processed (317 Rules)
2025-12-01 13:06:05,907 [INFO] DbMcusXml:78 - Set database path to: /home/dim0k/st/stm32cubeide_1.19.0_3/plugins/com.st.stm32cube.common.mx_6.15.0.202507011659//db//mcu/
2025-12-01 13:06:05,908 [INFO] ApiDb:274 - Set plugin database path to: /home/dim0k/st/stm32cubeide_1.19.0_3/plugins/com.st.stm32cube.common.mx_6.15.0.202507011659//db//plugins/boardmanager/
2025-12-01 13:06:05,908 [INFO] ApiDb:261 - Set plugin images path to: /home/dim0k/st/stm32cubeide_1.19.0_3/plugins/com.st.stm32cube.common.mx_6.15.0.202507011659//db//plugins/mcufinder/images/
2025-12-01 13:06:05,908 [WARN] DbFile:41 - Overriding database path with different value: /home/dim0k/.stmcufinder/plugins/mcufinder/ => /home/dim0k/.stmcufinder/plugins/mcufinder
2025-12-01 13:06:05,908 [INFO] ApiDb:250 - Set database path to: /home/dim0k/.stmcufinder/plugins/mcufinder//mcu/
2025-12-01 13:06:05,908 [WARN] DbFile:41 - Overriding database path with different value: /home/dim0k/.stmcufinder/plugins/mcufinder/ => /home/dim0k/.stmcufinder/plugins/mcufinder
2025-12-01 13:06:05,908 [INFO] DbMcusAds:125 - Set database path to: /home/dim0k/.stmcufinder/plugins/mcufinder//mcu/
2025-12-01 13:06:05,908 [WARN] DbFile:41 - Overriding database path with different value: /home/dim0k/.stmcufinder/plugins/mcufinder/ => /home/dim0k/.stmcufinder/plugins/mcufinder
2025-12-01 13:06:05,908 [WARN] DbFile:41 - Overriding database path with different value: /home/dim0k/.stmcufinder/plugins/mcufinder/ => /home/dim0k/.stmcufinder/plugins/mcufinder
2025-12-01 13:06:05,909 [INFO] CrossReferenceDbSqlite:203 - Set database path to: /home/dim0k/.stmcufinder/plugins/mcufinder//mcu/cs/
2025-12-01 13:06:05,941 [INFO] MainPanel:274 - HeapMemory: 268435456
2025-12-01 13:06:06,003 [INFO] DbMcusXml:78 - Set database path to: /home/dim0k/st/stm32cubeide_1.19.0_3/plugins/com.st.stm32cube.common.mx_6.15.0.202507011659//db//mcu/
2025-12-01 13:06:06,003 [INFO] ApiDb:274 - Set plugin database path to: /home/dim0k/st/stm32cubeide_1.19.0_3/plugins/com.st.stm32cube.common.mx_6.15.0.202507011659//db//plugins/boardmanager/
2025-12-01 13:06:06,003 [INFO] ApiDb:261 - Set plugin images path to: /home/dim0k/st/stm32cubeide_1.19.0_3/plugins/com.st.stm32cube.common.mx_6.15.0.202507011659//db//plugins/mcufinder/images/
2025-12-01 13:06:06,003 [WARN] DbFile:41 - Overriding database path with different value: /home/dim0k/.stmcufinder/plugins/mcufinder/ => /home/dim0k/.stmcufinder/plugins/mcufinder
2025-12-01 13:06:06,004 [INFO] ApiDb:250 - Set database path to: /home/dim0k/.stmcufinder/plugins/mcufinder//mcu/
2025-12-01 13:06:06,004 [WARN] DbFile:41 - Overriding database path with different value: /home/dim0k/.stmcufinder/plugins/mcufinder/ => /home/dim0k/.stmcufinder/plugins/mcufinder
2025-12-01 13:06:06,004 [INFO] DbMcusAds:125 - Set database path to: /home/dim0k/.stmcufinder/plugins/mcufinder//mcu/
2025-12-01 13:06:06,004 [WARN] DbFile:41 - Overriding database path with different value: /home/dim0k/.stmcufinder/plugins/mcufinder/ => /home/dim0k/.stmcufinder/plugins/mcufinder
2025-12-01 13:06:06,004 [WARN] DbFile:41 - Overriding database path with different value: /home/dim0k/.stmcufinder/plugins/mcufinder/ => /home/dim0k/.stmcufinder/plugins/mcufinder
2025-12-01 13:06:06,004 [INFO] CrossReferenceDbSqlite:203 - Set database path to: /home/dim0k/.stmcufinder/plugins/mcufinder//mcu/cs/
2025-12-01 13:06:06,012 [INFO] ApplicationProperties:184 - Using Application install path: /home/dim0k/st/stm32cubeide_1.19.0_3/plugins/com.st.stm32cube.common.mx_6.15.0.202507011659
2025-12-01 13:06:06,013 [INFO] PluginManage:196 - Search for loadable plugins [exclusion list=, ]
2025-12-01 13:06:06,013 [INFO] PluginManage:310 - Check plugin analytics
2025-12-01 13:06:06,106 [INFO] AnalyticsPlugin:253 - Accepted Software Licenses: 
2025-12-01 13:06:06,106 [INFO] AnalyticsPlugin:255 - Accepted CMSIS Pack Licenses: 
2025-12-01 13:06:06,107 [INFO] AnalyticsPlugin:257 - Accepted Firmware Licenses: 
2025-12-01 13:06:06,108 [INFO] PluginManage:359 - Loaded plugin analytics (category:tool,tabindex:-1)
2025-12-01 13:06:06,108 [INFO] PluginManage:310 - Check plugin cadmodel
2025-12-01 13:06:06,110 [INFO] CADModel:105 - Init CAD model plugin
2025-12-01 13:06:06,110 [INFO] PluginManage:359 - Loaded plugin cadmodel (category:power,tabindex:5)
2025-12-01 13:06:06,111 [INFO] PluginManage:310 - Check plugin clock
2025-12-01 13:06:06,115 [INFO] PluginManage:359 - Loaded plugin clock (category:base,tabindex:2)
2025-12-01 13:06:06,115 [INFO] PluginManage:310 - Check plugin ddr
2025-12-01 13:06:06,116 [INFO] PluginManage:359 - Loaded plugin ddr (category:tool,tabindex:6)
2025-12-01 13:06:06,117 [INFO] PluginManage:310 - Check plugin filemanager
2025-12-01 13:06:06,203 [INFO] PluginManage:359 - Loaded plugin filemanager (category:base,tabindex:10)
2025-12-01 13:06:06,203 [INFO] PluginManage:310 - Check plugin ipmanager
2025-12-01 13:06:06,206 [INFO] PluginManage:359 - Loaded plugin ipmanager (category:base,tabindex:5)
2025-12-01 13:06:06,206 [INFO] PluginManage:310 - Check plugin lpbam
2025-12-01 13:06:06,210 [INFO] PluginManage:359 - Loaded plugin lpbam (category:base,tabindex:0)
2025-12-01 13:06:06,211 [INFO] PluginManage:310 - Check plugin memorymap
2025-12-01 13:06:06,217 [INFO] PluginManage:359 - Loaded plugin memorymap (category:base,tabindex:4)
2025-12-01 13:06:06,217 [INFO] PluginManage:310 - Check plugin pinoutandconfiguration
2025-12-01 13:06:06,221 [INFO] PluginManage:359 - Loaded plugin pinoutandconfiguration (category:base,tabindex:1)
2025-12-01 13:06:06,221 [INFO] PluginManage:310 - Check plugin pinoutconfig
2025-12-01 13:06:06,268 [WARN] SupportedApi:132 - Cannot load RTOS API schema: s4s-elt-must-match.1: The content of 'definitions' must match (annotation?, (simpleType | complexType)?, (unique | key | keyref)*)). A problem was found starting at: attribute.
2025-12-01 13:06:06,336 [INFO] PluginManage:359 - Loaded plugin pinoutconfig (category:base,tabindex:0)
2025-12-01 13:06:06,337 [INFO] PluginManage:310 - Check plugin power
2025-12-01 13:06:06,341 [INFO] PluginManage:359 - Loaded plugin power (category:power,tabindex:4)
2025-12-01 13:06:06,341 [INFO] PluginManage:310 - Check plugin projectmanager
2025-12-01 13:06:06,350 [INFO] PluginManage:359 - Loaded plugin projectmanager (category:projectmanager,tabindex:4)
2025-12-01 13:06:06,350 [INFO] PluginManage:310 - Check plugin rif
2025-12-01 13:06:06,354 [INFO] PluginManage:359 - Loaded plugin rif (category:base,tabindex:3)
2025-12-01 13:06:06,354 [INFO] PluginManage:310 - Check plugin thirdparty
2025-12-01 13:06:06,405 [INFO] PluginManage:359 - Loaded plugin thirdparty (category:base,tabindex:-1)
2025-12-01 13:06:06,405 [WARN] IntegrityCheckThread:84 - waiting for thirdparty lock release [integrity check]
2025-12-01 13:06:06,406 [INFO] PluginManage:310 - Check plugin tools
2025-12-01 13:06:06,406 [INFO] IntegrityCheckThread:86 - entering critical section [integrity check]
2025-12-01 13:06:06,406 [INFO] ThirdPartyUpdaterWithRetryManager:70 - Updater plugin not ready yet. [1/15]
2025-12-01 13:06:06,407 [INFO] PluginManage:359 - Loaded plugin tools (category:base,tabindex:7)
2025-12-01 13:06:06,407 [INFO] PluginManage:310 - Check plugin tutovideos
2025-12-01 13:06:06,516 [INFO] PluginManage:359 - Loaded plugin tutovideos (category:base,tabindex:-1)
2025-12-01 13:06:06,516 [INFO] PluginManage:310 - Check plugin updater
2025-12-01 13:06:06,528 [INFO] PluginManage:359 - Loaded plugin updater (category:base,tabindex:12)
2025-12-01 13:06:06,528 [INFO] PluginManage:310 - Check plugin userauth
2025-12-01 13:06:06,530 [INFO] UserAuth:118 - Init User Auth plugin
2025-12-01 13:06:06,530 [INFO] PluginManage:359 - Loaded plugin userauth (category:base,tabindex:14)
2025-12-01 13:06:06,530 [INFO] PluginManage:283 - PluginManage : Loaded plugins [18]
2025-12-01 13:06:06,626 [INFO] PinOutPanel:1589 - setPackage(No Configuration,No Configuration)
2025-12-01 13:06:06,664 [INFO] CADModel:165 - CPN selected for project level
2025-12-01 13:06:06,664 [INFO] CADModel:114 - Register for checkConnection events
2025-12-01 13:06:06,668 [INFO] IPUIPlugin:80 - create IPUIPlugin
2025-12-01 13:06:06,668 [INFO] PluginManager:220 - loadIPPluginJar : add ltdc
2025-12-01 13:06:06,671 [INFO] IPUIPlugin:80 - create IPUIPlugin
2025-12-01 13:06:06,671 [INFO] PluginManager:220 - loadIPPluginJar : add ipddr
2025-12-01 13:06:06,673 [INFO] IPUIPlugin:80 - create IPUIPlugin
2025-12-01 13:06:06,673 [INFO] PluginManager:220 - loadIPPluginJar : add opamp
2025-12-01 13:06:06,674 [INFO] IPUIPlugin:80 - create IPUIPlugin
2025-12-01 13:06:06,674 [INFO] PluginManager:220 - loadIPPluginJar : add ucpd
2025-12-01 13:06:06,674 [INFO] IPUIPlugin:80 - create IPUIPlugin
2025-12-01 13:06:06,675 [INFO] PluginManager:220 - loadIPPluginJar : add radio
2025-12-01 13:06:06,677 [INFO] IPUIPlugin:80 - create IPUIPlugin
2025-12-01 13:06:06,677 [INFO] PluginManager:220 - loadIPPluginJar : add adc
2025-12-01 13:06:06,679 [INFO] IPUIPlugin:80 - create IPUIPlugin
2025-12-01 13:06:06,679 [INFO] PluginManager:220 - loadIPPluginJar : add resmgrutility
2025-12-01 13:06:06,680 [INFO] IPUIPlugin:80 - create IPUIPlugin
2025-12-01 13:06:06,680 [INFO] PluginManager:220 - loadIPPluginJar : add i2c
2025-12-01 13:06:06,681 [INFO] IPUIPlugin:80 - create IPUIPlugin
2025-12-01 13:06:06,681 [INFO] PluginManager:220 - loadIPPluginJar : add dma3
2025-12-01 13:06:06,682 [INFO] IPUIPlugin:80 - create IPUIPlugin
2025-12-01 13:06:06,682 [INFO] PluginManager:220 - loadIPPluginJar : add i3c
2025-12-01 13:06:06,683 [INFO] IPUIPlugin:80 - create IPUIPlugin
2025-12-01 13:06:06,683 [INFO] PluginManager:220 - loadIPPluginJar : add usbx
2025-12-01 13:06:06,685 [INFO] IPUIPlugin:80 - create IPUIPlugin
2025-12-01 13:06:06,685 [INFO] PluginManager:220 - loadIPPluginJar : add fmc
2025-12-01 13:06:06,688 [INFO] IPUIPlugin:80 - create IPUIPlugin
2025-12-01 13:06:06,688 [INFO] PluginManager:220 - loadIPPluginJar : add stm32_wpan
2025-12-01 13:06:06,689 [INFO] IPUIPlugin:80 - create IPUIPlugin
2025-12-01 13:06:06,689 [INFO] PluginManager:220 - loadIPPluginJar : add hash
2025-12-01 13:06:06,690 [INFO] IPUIPlugin:80 - create IPUIPlugin
2025-12-01 13:06:06,690 [INFO] PluginManager:220 - loadIPPluginJar : add tracer_emb
2025-12-01 13:06:06,691 [INFO] IPUIPlugin:80 - create IPUIPlugin
2025-12-01 13:06:06,691 [INFO] PluginManager:220 - loadIPPluginJar : add gfxmmu
2025-12-01 13:06:06,692 [INFO] IPUIPlugin:80 - create IPUIPlugin
2025-12-01 13:06:06,692 [INFO] PluginManager:220 - loadIPPluginJar : add cryp
2025-12-01 13:06:06,692 [INFO] IPUIPlugin:80 - create IPUIPlugin
2025-12-01 13:06:06,692 [INFO] PluginManager:220 - loadIPPluginJar : add tsc
2025-12-01 13:06:06,695 [INFO] IPUIPlugin:80 - create IPUIPlugin
2025-12-01 13:06:06,695 [INFO] PluginManager:220 - loadIPPluginJar : add mdma
2025-12-01 13:06:06,697 [INFO] IPUIPlugin:80 - create IPUIPlugin
2025-12-01 13:06:06,697 [INFO] PluginManager:220 - loadIPPluginJar : add freertos
2025-12-01 13:06:06,698 [INFO] IPUIPlugin:80 - create IPUIPlugin
2025-12-01 13:06:06,698 [INFO] PluginManager:220 - loadIPPluginJar : add dfsdm
2025-12-01 13:06:06,699 [INFO] IPUIPlugin:80 - create IPUIPlugin
2025-12-01 13:06:06,699 [INFO] PluginManager:220 - loadIPPluginJar : add comp
2025-12-01 13:06:06,700 [INFO] IPUIPlugin:80 - create IPUIPlugin
2025-12-01 13:06:06,701 [INFO] PluginManager:220 - loadIPPluginJar : add touchsensing
2025-12-01 13:06:06,702 [INFO] IPUIPlugin:80 - create IPUIPlugin
2025-12-01 13:06:06,702 [INFO] PluginManager:220 - loadIPPluginJar : add nvic
2025-12-01 13:06:06,703 [INFO] IPUIPlugin:80 - create IPUIPlugin
2025-12-01 13:06:06,703 [INFO] PluginManager:220 - loadIPPluginJar : add tim
2025-12-01 13:06:06,704 [INFO] IPUIPlugin:80 - create IPUIPlugin
2025-12-01 13:06:06,704 [INFO] PluginManager:220 - loadIPPluginJar : add spi
2025-12-01 13:06:06,711 [INFO] IPUIPlugin:80 - create IPUIPlugin
2025-12-01 13:06:06,711 [INFO] PluginManager:220 - loadIPPluginJar : add sai
2025-12-01 13:06:06,712 [INFO] IPUIPlugin:80 - create IPUIPlugin
2025-12-01 13:06:06,712 [INFO] PluginManager:220 - loadIPPluginJar : add ddr_ctrl_phy
2025-12-01 13:06:06,713 [INFO] IPUIPlugin:80 - create IPUIPlugin
2025-12-01 13:06:06,713 [INFO] PluginManager:220 - loadIPPluginJar : add gtzc
2025-12-01 13:06:06,714 [INFO] IPUIPlugin:80 - create IPUIPlugin
2025-12-01 13:06:06,714 [INFO] PluginManager:220 - loadIPPluginJar : add ts
2025-12-01 13:06:06,717 [INFO] IPUIPlugin:80 - create IPUIPlugin
2025-12-01 13:06:06,717 [INFO] PluginManager:220 - loadIPPluginJar : add gic
2025-12-01 13:06:06,717 [INFO] IPUIPlugin:80 - create IPUIPlugin
2025-12-01 13:06:06,718 [INFO] PluginManager:220 - loadIPPluginJar : add fatfs
2025-12-01 13:06:06,720 [INFO] IPUIPlugin:80 - create IPUIPlugin
2025-12-01 13:06:06,720 [INFO] PluginManager:220 - loadIPPluginJar : add dma
2025-12-01 13:06:06,721 [INFO] IPUIPlugin:80 - create IPUIPlugin
2025-12-01 13:06:06,721 [INFO] PluginManager:220 - loadIPPluginJar : add openamp
2025-12-01 13:06:06,722 [INFO] IPUIPlugin:80 - create IPUIPlugin
2025-12-01 13:06:06,722 [INFO] PluginManager:220 - loadIPPluginJar : add pdm2pcm
2025-12-01 13:06:06,723 [INFO] IPUIPlugin:80 - create IPUIPlugin
2025-12-01 13:06:06,723 [INFO] PluginManager:220 - loadIPPluginJar : add usart
2025-12-01 13:06:06,725 [INFO] IPUIPlugin:80 - create IPUIPlugin
2025-12-01 13:06:06,725 [INFO] PluginManager:220 - loadIPPluginJar : add gpio
2025-12-01 13:06:06,726 [INFO] IPUIPlugin:80 - create IPUIPlugin
2025-12-01 13:06:06,726 [INFO] PluginManager:220 - loadIPPluginJar : add quadspi
2025-12-01 13:06:06,728 [INFO] IPUIPlugin:80 - create IPUIPlugin
2025-12-01 13:06:06,730 [INFO] PluginManager:220 - loadIPPluginJar : add plateformsettings
2025-12-01 13:06:06,731 [INFO] IPUIPlugin:80 - create IPUIPlugin
2025-12-01 13:06:06,731 [INFO] PluginManager:220 - loadIPPluginJar : add i2s
2025-12-01 13:06:06,732 [INFO] IPUIPlugin:80 - create IPUIPlugin
2025-12-01 13:06:06,732 [INFO] PluginManager:220 - loadIPPluginJar : add can
2025-12-01 13:06:06,733 [INFO] IPUIPlugin:80 - create IPUIPlugin
2025-12-01 13:06:06,733 [INFO] PluginManager:220 - loadIPPluginJar : add aes
2025-12-01 13:06:06,734 [INFO] IPUIPlugin:80 - create IPUIPlugin
2025-12-01 13:06:06,734 [INFO] PluginManager:220 - loadIPPluginJar : add lorawan
2025-12-01 13:06:06,735 [INFO] IPUIPlugin:80 - create IPUIPlugin
2025-12-01 13:06:06,735 [INFO] PluginManager:220 - loadIPPluginJar : add extmemmanager
2025-12-01 13:06:06,736 [INFO] IPUIPlugin:80 - create IPUIPlugin
2025-12-01 13:06:06,736 [INFO] PluginManager:220 - loadIPPluginJar : add genericplugin
2025-12-01 13:06:06,739 [INFO] IPUIPlugin:80 - create IPUIPlugin
2025-12-01 13:06:06,739 [INFO] PluginManager:220 - loadIPPluginJar : add linkedlist
2025-12-01 13:06:06,827 [FATAL] Updater:351 - Updater called before beeing initialized
2025-12-01 13:06:06,852 [INFO] RulesReader:64 - Compatibility file has been processed (317 Rules)
2025-12-01 13:06:06,859 [INFO] RulesReader:64 - Compatibility file has been processed (317 Rules)
2025-12-01 13:06:06,863 [INFO] CADModel:165 - CPN selected for project level
2025-12-01 13:06:06,863 [INFO] CADModel:114 - Register for checkConnection events
2025-12-01 13:06:06,864 [FATAL] Updater:351 - Updater called before beeing initialized
2025-12-01 13:06:06,864 [ERROR] CADModel:125 - Updater not yet initialized, retry later 
2025-12-01 13:06:06,928 [FATAL] Updater:351 - Updater called before beeing initialized
2025-12-01 13:06:06,929 [INFO] CADModel:165 - CPN selected for project level
2025-12-01 13:06:06,929 [INFO] CADModel:114 - Register for checkConnection events
2025-12-01 13:06:06,929 [FATAL] Updater:351 - Updater called before beeing initialized
2025-12-01 13:06:06,930 [ERROR] CADModel:125 - Updater not yet initialized, retry later 
2025-12-01 13:06:06,931 [FATAL] Updater:351 - Updater called before beeing initialized
2025-12-01 13:06:06,985 [FATAL] Updater:351 - Updater called before beeing initialized
2025-12-01 13:06:06,988 [INFO] DbMcusAds:53 - JSON generation date=Thu Sep 30 09:55:09 MSK 2021 (1632984909247)
2025-12-01 13:06:06,988 [FATAL] Updater:351 - Updater called before beeing initialized
2025-12-01 13:06:07,009 [WARN] DetailPanel:346 - Failed to get advertising image, set to default
2025-12-01 13:06:07,053 [FATAL] Updater:351 - Updater called before beeing initialized
2025-12-01 13:06:07,055 [FATAL] Updater:351 - Updater called before beeing initialized
2025-12-01 13:06:07,055 [FATAL] Updater:351 - Updater called before beeing initialized
2025-12-01 13:06:07,055 [WARN] DetailPanel:346 - Failed to get advertising image, set to default
2025-12-01 13:06:07,055 [FATAL] Updater:351 - Updater called before beeing initialized
2025-12-01 13:06:07,075 [ERROR] Updater:1198 - MainUpdater not yet initialized. External WinMGr cannot be set.
2025-12-01 13:06:07,076 [INFO] Updater:1134 - Updater Version found : 6.15.0
2025-12-01 13:06:07,086 [INFO] ApplicationProperties:184 - Using Application install path: /home/dim0k/st/stm32cubeide_1.19.0_3/plugins/com.st.stm32cube.common.mx_6.15.0.202507011659
2025-12-01 13:06:07,263 [ERROR] CheckConnectionManager:249 - Problem, Http access forbiden
2025-12-01 13:06:07,265 [INFO] MainUpdater:2872 - connection check result : 22
2025-12-01 13:06:07,265 [INFO] MainUpdater:289 - Updater Check For Update Now.
2025-12-01 13:06:07,266 [INFO] MicroXplorer:498 - Change Database Version : DB.6.0.150
2025-12-01 13:06:07,268 [INFO] McuFinderGlobals:63 - Set McuFinder mode to 2 (CubeIDE integrated)
2025-12-01 13:06:07,268 [INFO] UserAuth:171 - activating auth plugin
2025-12-01 13:06:07,269 [INFO] UserAuth:487 - Internet connection configuration mode: 2
2025-12-01 13:06:07,272 [INFO] UserAuth:487 - Internet connection configuration mode: 2
2025-12-01 13:06:07,418 [INFO] CheckServerUpdateThread:120 - End of CheckServer Thread
2025-12-01 13:06:09,454 [INFO] ThirdParty:978 - Integrity check success = true
2025-12-01 13:06:09,455 [INFO] IntegrityCheckThread:100 - exiting critical section [integrity check]
2025-12-01 13:06:09,455 [INFO] IntegrityCheckThread:103 - End integrity checks thread
2025-12-01 14:51:42,541 [INFO] Activator:176 - 


2025-12-01 14:51:42,557 [INFO] Activator:177 - !SESSION log4j initialized
2025-12-01 14:51:45,868 [INFO] LogOutputStream:77 - [STDOUT_REDIRECT] 
2025-12-01 14:51:46,797 [INFO] ApplicationProperties:184 - Using Application install path: /home/dim0k/st/stm32cubeide_1.19.0_3/plugins/com.st.stm32cube.common.mx_6.15.0.202507011659
2025-12-01 14:51:46,808 [INFO] DbMcusXml:78 - Set database path to: /home/dim0k/st/stm32cubeide_1.19.0_3/plugins/com.st.stm32cube.common.mx_6.15.0.202507011659//db//mcu/
2025-12-01 14:51:46,809 [INFO] ApiDb:274 - Set plugin database path to: /home/dim0k/st/stm32cubeide_1.19.0_3/plugins/com.st.stm32cube.common.mx_6.15.0.202507011659//db//plugins/boardmanager/
2025-12-01 14:51:46,809 [WARN] ApiDb:259 - Overriding images path with different value:  => /home/dim0k/st/stm32cubeide_1.19.0_3/plugins/com.st.stm32cube.common.mx_6.15.0.202507011659//db//plugins/mcufinder/images/
2025-12-01 14:51:46,814 [INFO] ApiDb:250 - Set database path to: /home/dim0k/.stmcufinder/plugins/mcufinder//mcu/
2025-12-01 14:51:46,815 [INFO] DbMcusAds:125 - Set database path to: /home/dim0k/.stmcufinder/plugins/mcufinder//mcu/
2025-12-01 14:51:46,817 [INFO] CrossReferenceDbSqlite:203 - Set database path to: /home/dim0k/.stmcufinder/plugins/mcufinder//mcu/cs/
2025-12-01 14:51:46,881 [INFO] RulesReader:64 - Compatibility file has been processed (317 Rules)
2025-12-01 14:51:46,920 [INFO] DbMcusXml:78 - Set database path to: /home/dim0k/st/stm32cubeide_1.19.0_3/plugins/com.st.stm32cube.common.mx_6.15.0.202507011659//db//mcu/
2025-12-01 14:51:46,920 [INFO] ApiDb:274 - Set plugin database path to: /home/dim0k/st/stm32cubeide_1.19.0_3/plugins/com.st.stm32cube.common.mx_6.15.0.202507011659//db//plugins/boardmanager/
2025-12-01 14:51:46,920 [INFO] ApiDb:261 - Set plugin images path to: /home/dim0k/st/stm32cubeide_1.19.0_3/plugins/com.st.stm32cube.common.mx_6.15.0.202507011659//db//plugins/mcufinder/images/
2025-12-01 14:51:46,920 [WARN] DbFile:41 - Overriding database path with different value: /home/dim0k/.stmcufinder/plugins/mcufinder/ => /home/dim0k/.stmcufinder/plugins/mcufinder
2025-12-01 14:51:46,920 [INFO] ApiDb:250 - Set database path to: /home/dim0k/.stmcufinder/plugins/mcufinder//mcu/
2025-12-01 14:51:46,920 [WARN] DbFile:41 - Overriding database path with different value: /home/dim0k/.stmcufinder/plugins/mcufinder/ => /home/dim0k/.stmcufinder/plugins/mcufinder
2025-12-01 14:51:46,920 [INFO] DbMcusAds:125 - Set database path to: /home/dim0k/.stmcufinder/plugins/mcufinder//mcu/
2025-12-01 14:51:46,920 [WARN] DbFile:41 - Overriding database path with different value: /home/dim0k/.stmcufinder/plugins/mcufinder/ => /home/dim0k/.stmcufinder/plugins/mcufinder
2025-12-01 14:51:46,920 [WARN] DbFile:41 - Overriding database path with different value: /home/dim0k/.stmcufinder/plugins/mcufinder/ => /home/dim0k/.stmcufinder/plugins/mcufinder
2025-12-01 14:51:46,928 [INFO] CrossReferenceDbSqlite:203 - Set database path to: /home/dim0k/.stmcufinder/plugins/mcufinder//mcu/cs/
2025-12-01 14:51:46,972 [INFO] MainPanel:274 - HeapMemory: 268435456
2025-12-01 14:51:47,068 [INFO] DbMcusXml:78 - Set database path to: /home/dim0k/st/stm32cubeide_1.19.0_3/plugins/com.st.stm32cube.common.mx_6.15.0.202507011659//db//mcu/
2025-12-01 14:51:47,068 [INFO] ApiDb:274 - Set plugin database path to: /home/dim0k/st/stm32cubeide_1.19.0_3/plugins/com.st.stm32cube.common.mx_6.15.0.202507011659//db//plugins/boardmanager/
2025-12-01 14:51:47,068 [INFO] ApiDb:261 - Set plugin images path to: /home/dim0k/st/stm32cubeide_1.19.0_3/plugins/com.st.stm32cube.common.mx_6.15.0.202507011659//db//plugins/mcufinder/images/
2025-12-01 14:51:47,069 [WARN] DbFile:41 - Overriding database path with different value: /home/dim0k/.stmcufinder/plugins/mcufinder/ => /home/dim0k/.stmcufinder/plugins/mcufinder
2025-12-01 14:51:47,069 [INFO] ApiDb:250 - Set database path to: /home/dim0k/.stmcufinder/plugins/mcufinder//mcu/
2025-12-01 14:51:47,069 [WARN] DbFile:41 - Overriding database path with different value: /home/dim0k/.stmcufinder/plugins/mcufinder/ => /home/dim0k/.stmcufinder/plugins/mcufinder
2025-12-01 14:51:47,069 [INFO] DbMcusAds:125 - Set database path to: /home/dim0k/.stmcufinder/plugins/mcufinder//mcu/
2025-12-01 14:51:47,069 [WARN] DbFile:41 - Overriding database path with different value: /home/dim0k/.stmcufinder/plugins/mcufinder/ => /home/dim0k/.stmcufinder/plugins/mcufinder
2025-12-01 14:51:47,069 [WARN] DbFile:41 - Overriding database path with different value: /home/dim0k/.stmcufinder/plugins/mcufinder/ => /home/dim0k/.stmcufinder/plugins/mcufinder
2025-12-01 14:51:47,069 [INFO] CrossReferenceDbSqlite:203 - Set database path to: /home/dim0k/.stmcufinder/plugins/mcufinder//mcu/cs/
2025-12-01 14:51:47,078 [INFO] ApplicationProperties:184 - Using Application install path: /home/dim0k/st/stm32cubeide_1.19.0_3/plugins/com.st.stm32cube.common.mx_6.15.0.202507011659
2025-12-01 14:51:47,079 [INFO] PluginManage:196 - Search for loadable plugins [exclusion list=, ]
2025-12-01 14:51:47,080 [INFO] PluginManage:310 - Check plugin analytics
2025-12-01 14:51:47,177 [INFO] AnalyticsPlugin:253 - Accepted Software Licenses: 
2025-12-01 14:51:47,178 [INFO] AnalyticsPlugin:255 - Accepted CMSIS Pack Licenses: 
2025-12-01 14:51:47,178 [INFO] AnalyticsPlugin:257 - Accepted Firmware Licenses: 
2025-12-01 14:51:47,179 [INFO] PluginManage:359 - Loaded plugin analytics (category:tool,tabindex:-1)
2025-12-01 14:51:47,179 [INFO] PluginManage:310 - Check plugin cadmodel
2025-12-01 14:51:47,184 [INFO] CADModel:105 - Init CAD model plugin
2025-12-01 14:51:47,184 [INFO] PluginManage:359 - Loaded plugin cadmodel (category:power,tabindex:5)
2025-12-01 14:51:47,184 [INFO] PluginManage:310 - Check plugin clock
2025-12-01 14:51:47,190 [INFO] PluginManage:359 - Loaded plugin clock (category:base,tabindex:2)
2025-12-01 14:51:47,190 [INFO] PluginManage:310 - Check plugin ddr
2025-12-01 14:51:47,192 [INFO] PluginManage:359 - Loaded plugin ddr (category:tool,tabindex:6)
2025-12-01 14:51:47,192 [INFO] PluginManage:310 - Check plugin filemanager
2025-12-01 14:51:47,284 [INFO] PluginManage:359 - Loaded plugin filemanager (category:base,tabindex:10)
2025-12-01 14:51:47,284 [INFO] PluginManage:310 - Check plugin ipmanager
2025-12-01 14:51:47,287 [INFO] PluginManage:359 - Loaded plugin ipmanager (category:base,tabindex:5)
2025-12-01 14:51:47,288 [INFO] PluginManage:310 - Check plugin lpbam
2025-12-01 14:51:47,294 [INFO] PluginManage:359 - Loaded plugin lpbam (category:base,tabindex:0)
2025-12-01 14:51:47,294 [INFO] PluginManage:310 - Check plugin memorymap
2025-12-01 14:51:47,303 [INFO] PluginManage:359 - Loaded plugin memorymap (category:base,tabindex:4)
2025-12-01 14:51:47,303 [INFO] PluginManage:310 - Check plugin pinoutandconfiguration
2025-12-01 14:51:47,309 [INFO] PluginManage:359 - Loaded plugin pinoutandconfiguration (category:base,tabindex:1)
2025-12-01 14:51:47,310 [INFO] PluginManage:310 - Check plugin pinoutconfig
2025-12-01 14:51:47,360 [WARN] SupportedApi:132 - Cannot load RTOS API schema: s4s-elt-must-match.1: The content of 'definitions' must match (annotation?, (simpleType | complexType)?, (unique | key | keyref)*)). A problem was found starting at: attribute.
2025-12-01 14:51:47,440 [INFO] PluginManage:359 - Loaded plugin pinoutconfig (category:base,tabindex:0)
2025-12-01 14:51:47,440 [INFO] PluginManage:310 - Check plugin power
2025-12-01 14:51:47,447 [INFO] PluginManage:359 - Loaded plugin power (category:power,tabindex:4)
2025-12-01 14:51:47,447 [INFO] PluginManage:310 - Check plugin projectmanager
2025-12-01 14:51:47,455 [INFO] PluginManage:359 - Loaded plugin projectmanager (category:projectmanager,tabindex:4)
2025-12-01 14:51:47,455 [INFO] PluginManage:310 - Check plugin rif
2025-12-01 14:51:47,461 [INFO] PluginManage:359 - Loaded plugin rif (category:base,tabindex:3)
2025-12-01 14:51:47,462 [INFO] PluginManage:310 - Check plugin thirdparty
2025-12-01 14:51:47,524 [INFO] PluginManage:359 - Loaded plugin thirdparty (category:base,tabindex:-1)
2025-12-01 14:51:47,524 [WARN] IntegrityCheckThread:84 - waiting for thirdparty lock release [integrity check]
2025-12-01 14:51:47,524 [INFO] PluginManage:310 - Check plugin tools
2025-12-01 14:51:47,524 [INFO] IntegrityCheckThread:86 - entering critical section [integrity check]
2025-12-01 14:51:47,524 [INFO] ThirdPartyUpdaterWithRetryManager:70 - Updater plugin not ready yet. [1/15]
2025-12-01 14:51:47,525 [INFO] PluginManage:359 - Loaded plugin tools (category:base,tabindex:7)
2025-12-01 14:51:47,525 [INFO] PluginManage:310 - Check plugin tutovideos
2025-12-01 14:51:47,650 [INFO] PluginManage:359 - Loaded plugin tutovideos (category:base,tabindex:-1)
2025-12-01 14:51:47,650 [INFO] PluginManage:310 - Check plugin updater
2025-12-01 14:51:47,663 [INFO] PluginManage:359 - Loaded plugin updater (category:base,tabindex:12)
2025-12-01 14:51:47,663 [INFO] PluginManage:310 - Check plugin userauth
2025-12-01 14:51:47,666 [INFO] UserAuth:118 - Init User Auth plugin
2025-12-01 14:51:47,666 [INFO] PluginManage:359 - Loaded plugin userauth (category:base,tabindex:14)
2025-12-01 14:51:47,667 [INFO] PluginManage:283 - PluginManage : Loaded plugins [18]
2025-12-01 14:51:47,778 [INFO] PinOutPanel:1589 - setPackage(No Configuration,No Configuration)
2025-12-01 14:51:47,820 [INFO] CADModel:165 - CPN selected for project level
2025-12-01 14:51:47,820 [INFO] CADModel:114 - Register for checkConnection events
2025-12-01 14:51:47,827 [INFO] IPUIPlugin:80 - create IPUIPlugin
2025-12-01 14:51:47,827 [INFO] PluginManager:220 - loadIPPluginJar : add ltdc
2025-12-01 14:51:47,831 [INFO] IPUIPlugin:80 - create IPUIPlugin
2025-12-01 14:51:47,831 [INFO] PluginManager:220 - loadIPPluginJar : add ipddr
2025-12-01 14:51:47,833 [INFO] IPUIPlugin:80 - create IPUIPlugin
2025-12-01 14:51:47,833 [INFO] PluginManager:220 - loadIPPluginJar : add opamp
2025-12-01 14:51:47,834 [INFO] IPUIPlugin:80 - create IPUIPlugin
2025-12-01 14:51:47,834 [INFO] PluginManager:220 - loadIPPluginJar : add ucpd
2025-12-01 14:51:47,835 [INFO] IPUIPlugin:80 - create IPUIPlugin
2025-12-01 14:51:47,836 [INFO] PluginManager:220 - loadIPPluginJar : add radio
2025-12-01 14:51:47,839 [INFO] IPUIPlugin:80 - create IPUIPlugin
2025-12-01 14:51:47,839 [INFO] PluginManager:220 - loadIPPluginJar : add adc
2025-12-01 14:51:47,841 [INFO] IPUIPlugin:80 - create IPUIPlugin
2025-12-01 14:51:47,842 [INFO] PluginManager:220 - loadIPPluginJar : add resmgrutility
2025-12-01 14:51:47,843 [INFO] IPUIPlugin:80 - create IPUIPlugin
2025-12-01 14:51:47,843 [INFO] PluginManager:220 - loadIPPluginJar : add i2c
2025-12-01 14:51:47,844 [INFO] IPUIPlugin:80 - create IPUIPlugin
2025-12-01 14:51:47,845 [INFO] PluginManager:220 - loadIPPluginJar : add dma3
2025-12-01 14:51:47,846 [INFO] IPUIPlugin:80 - create IPUIPlugin
2025-12-01 14:51:47,846 [INFO] PluginManager:220 - loadIPPluginJar : add i3c
2025-12-01 14:51:47,848 [INFO] IPUIPlugin:80 - create IPUIPlugin
2025-12-01 14:51:47,848 [INFO] PluginManager:220 - loadIPPluginJar : add usbx
2025-12-01 14:51:47,850 [INFO] IPUIPlugin:80 - create IPUIPlugin
2025-12-01 14:51:47,851 [INFO] PluginManager:220 - loadIPPluginJar : add fmc
2025-12-01 14:51:47,855 [INFO] IPUIPlugin:80 - create IPUIPlugin
2025-12-01 14:51:47,855 [INFO] PluginManager:220 - loadIPPluginJar : add stm32_wpan
2025-12-01 14:51:47,856 [INFO] IPUIPlugin:80 - create IPUIPlugin
2025-12-01 14:51:47,856 [INFO] PluginManager:220 - loadIPPluginJar : add hash
2025-12-01 14:51:47,857 [INFO] IPUIPlugin:80 - create IPUIPlugin
2025-12-01 14:51:47,857 [INFO] PluginManager:220 - loadIPPluginJar : add tracer_emb
2025-12-01 14:51:47,859 [INFO] IPUIPlugin:80 - create IPUIPlugin
2025-12-01 14:51:47,859 [INFO] PluginManager:220 - loadIPPluginJar : add gfxmmu
2025-12-01 14:51:47,860 [INFO] IPUIPlugin:80 - create IPUIPlugin
2025-12-01 14:51:47,860 [INFO] PluginManager:220 - loadIPPluginJar : add cryp
2025-12-01 14:51:47,861 [INFO] IPUIPlugin:80 - create IPUIPlugin
2025-12-01 14:51:47,861 [INFO] PluginManager:220 - loadIPPluginJar : add tsc
2025-12-01 14:51:47,865 [INFO] IPUIPlugin:80 - create IPUIPlugin
2025-12-01 14:51:47,865 [INFO] PluginManager:220 - loadIPPluginJar : add mdma
2025-12-01 14:51:47,869 [INFO] IPUIPlugin:80 - create IPUIPlugin
2025-12-01 14:51:47,869 [INFO] PluginManager:220 - loadIPPluginJar : add freertos
2025-12-01 14:51:47,870 [INFO] IPUIPlugin:80 - create IPUIPlugin
2025-12-01 14:51:47,870 [INFO] PluginManager:220 - loadIPPluginJar : add dfsdm
2025-12-01 14:51:47,871 [INFO] IPUIPlugin:80 - create IPUIPlugin
2025-12-01 14:51:47,871 [INFO] PluginManager:220 - loadIPPluginJar : add comp
2025-12-01 14:51:47,873 [INFO] IPUIPlugin:80 - create IPUIPlugin
2025-12-01 14:51:47,873 [INFO] PluginManager:220 - loadIPPluginJar : add touchsensing
2025-12-01 14:51:47,876 [INFO] IPUIPlugin:80 - create IPUIPlugin
2025-12-01 14:51:47,876 [INFO] PluginManager:220 - loadIPPluginJar : add nvic
2025-12-01 14:51:47,877 [INFO] IPUIPlugin:80 - create IPUIPlugin
2025-12-01 14:51:47,877 [INFO] PluginManager:220 - loadIPPluginJar : add tim
2025-12-01 14:51:47,878 [INFO] IPUIPlugin:80 - create IPUIPlugin
2025-12-01 14:51:47,878 [INFO] PluginManager:220 - loadIPPluginJar : add spi
2025-12-01 14:51:47,880 [INFO] IPUIPlugin:80 - create IPUIPlugin
2025-12-01 14:51:47,880 [INFO] PluginManager:220 - loadIPPluginJar : add sai
2025-12-01 14:51:47,882 [INFO] IPUIPlugin:80 - create IPUIPlugin
2025-12-01 14:51:47,882 [INFO] PluginManager:220 - loadIPPluginJar : add ddr_ctrl_phy
2025-12-01 14:51:47,884 [INFO] IPUIPlugin:80 - create IPUIPlugin
2025-12-01 14:51:47,884 [INFO] PluginManager:220 - loadIPPluginJar : add gtzc
2025-12-01 14:51:47,885 [INFO] IPUIPlugin:80 - create IPUIPlugin
2025-12-01 14:51:47,885 [INFO] PluginManager:220 - loadIPPluginJar : add ts
2025-12-01 14:51:47,889 [INFO] IPUIPlugin:80 - create IPUIPlugin
2025-12-01 14:51:47,889 [INFO] PluginManager:220 - loadIPPluginJar : add gic
2025-12-01 14:51:47,890 [INFO] IPUIPlugin:80 - create IPUIPlugin
2025-12-01 14:51:47,890 [INFO] PluginManager:220 - loadIPPluginJar : add fatfs
2025-12-01 14:51:47,893 [INFO] IPUIPlugin:80 - create IPUIPlugin
2025-12-01 14:51:47,893 [INFO] PluginManager:220 - loadIPPluginJar : add dma
2025-12-01 14:51:47,895 [INFO] IPUIPlugin:80 - create IPUIPlugin
2025-12-01 14:51:47,895 [INFO] PluginManager:220 - loadIPPluginJar : add openamp
2025-12-01 14:51:47,896 [INFO] IPUIPlugin:80 - create IPUIPlugin
2025-12-01 14:51:47,896 [INFO] PluginManager:220 - loadIPPluginJar : add pdm2pcm
2025-12-01 14:51:47,898 [INFO] IPUIPlugin:80 - create IPUIPlugin
2025-12-01 14:51:47,898 [INFO] PluginManager:220 - loadIPPluginJar : add usart
2025-12-01 14:51:47,901 [INFO] IPUIPlugin:80 - create IPUIPlugin
2025-12-01 14:51:47,901 [INFO] PluginManager:220 - loadIPPluginJar : add gpio
2025-12-01 14:51:47,902 [INFO] IPUIPlugin:80 - create IPUIPlugin
2025-12-01 14:51:47,902 [INFO] PluginManager:220 - loadIPPluginJar : add quadspi
2025-12-01 14:51:47,907 [INFO] IPUIPlugin:80 - create IPUIPlugin
2025-12-01 14:51:47,908 [INFO] PluginManager:220 - loadIPPluginJar : add plateformsettings
2025-12-01 14:51:47,909 [INFO] IPUIPlugin:80 - create IPUIPlugin
2025-12-01 14:51:47,910 [INFO] PluginManager:220 - loadIPPluginJar : add i2s
2025-12-01 14:51:47,911 [INFO] IPUIPlugin:80 - create IPUIPlugin
2025-12-01 14:51:47,911 [INFO] PluginManager:220 - loadIPPluginJar : add can
2025-12-01 14:51:47,912 [INFO] IPUIPlugin:80 - create IPUIPlugin
2025-12-01 14:51:47,913 [INFO] PluginManager:220 - loadIPPluginJar : add aes
2025-12-01 14:51:47,914 [INFO] IPUIPlugin:80 - create IPUIPlugin
2025-12-01 14:51:47,914 [INFO] PluginManager:220 - loadIPPluginJar : add lorawan
2025-12-01 14:51:47,916 [INFO] IPUIPlugin:80 - create IPUIPlugin
2025-12-01 14:51:47,916 [INFO] PluginManager:220 - loadIPPluginJar : add extmemmanager
2025-12-01 14:51:47,916 [INFO] IPUIPlugin:80 - create IPUIPlugin
2025-12-01 14:51:47,917 [INFO] PluginManager:220 - loadIPPluginJar : add genericplugin
2025-12-01 14:51:47,920 [INFO] IPUIPlugin:80 - create IPUIPlugin
2025-12-01 14:51:47,921 [INFO] PluginManager:220 - loadIPPluginJar : add linkedlist
2025-12-01 14:51:48,009 [FATAL] Updater:351 - Updater called before beeing initialized
2025-12-01 14:51:48,035 [INFO] RulesReader:64 - Compatibility file has been processed (317 Rules)
2025-12-01 14:51:48,041 [INFO] RulesReader:64 - Compatibility file has been processed (317 Rules)
2025-12-01 14:51:48,045 [INFO] CADModel:165 - CPN selected for project level
2025-12-01 14:51:48,045 [INFO] CADModel:114 - Register for checkConnection events
2025-12-01 14:51:48,045 [FATAL] Updater:351 - Updater called before beeing initialized
2025-12-01 14:51:48,045 [ERROR] CADModel:125 - Updater not yet initialized, retry later 
2025-12-01 14:51:48,121 [FATAL] Updater:351 - Updater called before beeing initialized
2025-12-01 14:51:48,122 [INFO] CADModel:165 - CPN selected for project level
2025-12-01 14:51:48,122 [INFO] CADModel:114 - Register for checkConnection events
2025-12-01 14:51:48,122 [FATAL] Updater:351 - Updater called before beeing initialized
2025-12-01 14:51:48,122 [ERROR] CADModel:125 - Updater not yet initialized, retry later 
2025-12-01 14:51:48,124 [FATAL] Updater:351 - Updater called before beeing initialized
2025-12-01 14:51:48,172 [FATAL] Updater:351 - Updater called before beeing initialized
2025-12-01 14:51:48,175 [INFO] DbMcusAds:53 - JSON generation date=Thu Sep 30 09:55:09 MSK 2021 (1632984909247)
2025-12-01 14:51:48,175 [FATAL] Updater:351 - Updater called before beeing initialized
2025-12-01 14:51:48,201 [WARN] DetailPanel:346 - Failed to get advertising image, set to default
2025-12-01 14:51:48,245 [FATAL] Updater:351 - Updater called before beeing initialized
2025-12-01 14:51:48,247 [FATAL] Updater:351 - Updater called before beeing initialized
2025-12-01 14:51:48,247 [FATAL] Updater:351 - Updater called before beeing initialized
2025-12-01 14:51:48,247 [WARN] DetailPanel:346 - Failed to get advertising image, set to default
2025-12-01 14:51:48,248 [FATAL] Updater:351 - Updater called before beeing initialized
2025-12-01 14:51:48,268 [ERROR] Updater:1198 - MainUpdater not yet initialized. External WinMGr cannot be set.
2025-12-01 14:51:48,269 [INFO] Updater:1134 - Updater Version found : 6.15.0
2025-12-01 14:51:48,281 [INFO] ApplicationProperties:184 - Using Application install path: /home/dim0k/st/stm32cubeide_1.19.0_3/plugins/com.st.stm32cube.common.mx_6.15.0.202507011659
2025-12-01 14:51:48,727 [ERROR] CheckConnectionManager:249 - Problem, Http access forbiden
2025-12-01 14:51:48,731 [INFO] MainUpdater:2872 - connection check result : 22
2025-12-01 14:51:48,732 [INFO] MainUpdater:289 - Updater Check For Update Now.
2025-12-01 14:51:48,732 [INFO] MicroXplorer:498 - Change Database Version : DB.6.0.150
2025-12-01 14:51:48,736 [INFO] McuFinderGlobals:63 - Set McuFinder mode to 2 (CubeIDE integrated)
2025-12-01 14:51:48,737 [INFO] UserAuth:171 - activating auth plugin
2025-12-01 14:51:48,739 [INFO] UserAuth:487 - Internet connection configuration mode: 2
2025-12-01 14:51:48,745 [INFO] UserAuth:487 - Internet connection configuration mode: 2
2025-12-01 14:51:48,882 [INFO] CheckServerUpdateThread:120 - End of CheckServer Thread
2025-12-01 14:51:50,568 [INFO] ThirdParty:978 - Integrity check success = true
2025-12-01 14:51:50,569 [INFO] IntegrityCheckThread:100 - exiting critical section [integrity check]
2025-12-01 14:51:50,569 [INFO] IntegrityCheckThread:103 - End integrity checks thread
